2023-09-06 08:54:53,394 INFO o.h.v.i.u.Version [background-preinit] HV000001: Hibernate Validator 8.0.0.Final
2023-09-06 08:54:53,729 INFO o.s.b.StartupInfoLogger [main] Starting Application using Java 20.0.2 with PID 19523 (/Users/Taras_Kushmyruk/IdeaProjects/PositionNotification/target/classes started by Taras_Kushmyruk in /Users/Taras_Kushmyruk/IdeaProjects/PositionNotification)
2023-09-06 08:54:53,745 INFO o.s.b.SpringApplication [main] No active profile set, falling back to 1 default profile: "default"
2023-09-06 08:54:57,443 INFO o.s.d.r.c.RepositoryConfigurationDelegate [main] Bootstrapping Spring Data JPA repositories in DEFAULT mode.
2023-09-06 08:54:57,566 INFO o.s.d.r.c.RepositoryConfigurationDelegate [main] Finished Spring Data repository scanning in 114 ms. Found 1 JPA repository interfaces.
2023-09-06 08:54:58,002 INFO o.s.c.c.s.GenericScope [main] BeanFactory id=ce34ee2f-686e-3b70-bca1-03b48b8006c2
2023-09-06 08:54:58,624 INFO o.s.c.s.PostProcessorRegistrationDelegate$BeanPostProcessorChecker [main] Bean 'org.example.client.PositionClient' of type [org.springframework.cloud.openfeign.FeignClientFactoryBean] is not eligible for getting processed by all BeanPostProcessors (for example: not eligible for auto-proxying)
2023-09-06 08:54:58,633 INFO o.s.c.s.PostProcessorRegistrationDelegate$BeanPostProcessorChecker [main] Bean 'org.example.client.PostFeignClient' of type [org.springframework.cloud.openfeign.FeignClientFactoryBean] is not eligible for getting processed by all BeanPostProcessors (for example: not eligible for auto-proxying)
2023-09-06 08:54:59,360 INFO o.s.b.w.e.t.TomcatWebServer [main] Tomcat initialized with port(s): 2244 (http)
2023-09-06 08:54:59,375 INFO o.a.j.l.DirectJDKLog [main] Initializing ProtocolHandler ["http-nio-2244"]
2023-09-06 08:54:59,379 INFO o.a.j.l.DirectJDKLog [main] Starting service [Tomcat]
2023-09-06 08:54:59,380 INFO o.a.j.l.DirectJDKLog [main] Starting Servlet engine: [Apache Tomcat/10.1.10]
2023-09-06 08:54:59,577 INFO o.a.j.l.DirectJDKLog [main] Initializing Spring embedded WebApplicationContext
2023-09-06 08:54:59,583 INFO o.s.b.w.s.c.ServletWebServerApplicationContext [main] Root WebApplicationContext: initialization completed in 4922 ms
2023-09-06 08:55:00,062 INFO c.z.h.HikariDataSource [main] HikariPool-1 - Starting...
2023-09-06 08:55:00,208 INFO c.z.h.p.HikariPool [main] HikariPool-1 - Added connection conn0: url=jdbc:h2:mem:mydb user=SA
2023-09-06 08:55:00,219 INFO c.z.h.HikariDataSource [main] HikariPool-1 - Start completed.
2023-09-06 08:55:00,315 INFO o.h.j.i.u.LogHelper [main] HHH000204: Processing PersistenceUnitInfo [name: default]
2023-09-06 08:55:00,367 INFO o.h.Version [main] HHH000412: Hibernate ORM core version 6.2.5.Final
2023-09-06 08:55:00,371 INFO o.h.c.Environment [main] HHH000406: Using bytecode reflection optimizer
2023-09-06 08:55:00,490 INFO o.h.b.i.BytecodeProviderInitiator [main] HHH000021: Bytecode provider name : bytebuddy
2023-09-06 08:55:00,622 INFO o.s.o.j.p.SpringPersistenceUnitInfo [main] No LoadTimeWeaver setup: ignoring JPA class transformer
2023-09-06 08:55:00,842 INFO o.h.b.i.BytecodeProviderInitiator [main] HHH000021: Bytecode provider name : bytebuddy
2023-09-06 08:55:01,923 INFO o.h.e.t.j.p.i.JtaPlatformInitiator [main] HHH000490: Using JtaPlatform implementation: [org.hibernate.engine.transaction.jta.platform.internal.NoJtaPlatform]
2023-09-06 08:55:01,997 INFO o.s.o.j.AbstractEntityManagerFactoryBean [main] Initialized JPA EntityManagerFactory for persistence unit 'default'
2023-09-06 08:55:02,815 INFO o.s.d.j.r.q.QueryEnhancerFactory [main] Hibernate is in classpath; If applicable, HQL parser will be used.
2023-09-06 08:55:03,996 WARN o.s.b.a.o.j.JpaBaseConfiguration$JpaWebConfiguration [main] spring.jpa.open-in-view is enabled by default. Therefore, database queries may be performed during view rendering. Explicitly configure spring.jpa.open-in-view to disable this warning
2023-09-06 08:55:05,628 INFO o.s.b.a.e.w.EndpointLinksResolver [main] Exposing 1 endpoint(s) beneath base path '/actuator'
2023-09-06 08:55:05,764 INFO o.a.j.l.DirectJDKLog [main] Starting ProtocolHandler ["http-nio-2244"]
2023-09-06 08:55:05,782 INFO o.s.b.w.e.t.TomcatWebServer [main] Tomcat started on port(s): 2244 (http) with context path ''
2023-09-06 08:55:05,811 INFO o.e.s.PositionService [scheduling-1] Job is disabled
2023-09-06 08:55:05,812 INFO o.s.b.StartupInfoLogger [main] Started Application in 13.791 seconds (process running for 15.439)
2023-09-06 08:55:35,814 INFO o.e.s.PositionService [scheduling-1] Job is disabled
2023-09-06 08:56:05,814 INFO o.e.s.PositionService [scheduling-1] Job is disabled
2023-09-06 08:56:35,812 INFO o.e.s.PositionService [scheduling-1] Job is disabled
2023-09-06 08:56:53,696 INFO o.a.j.l.DirectJDKLog [http-nio-2244-exec-1] Initializing Spring DispatcherServlet 'dispatcherServlet'
2023-09-06 08:56:53,697 INFO o.s.w.s.FrameworkServlet [http-nio-2244-exec-1] Initializing Servlet 'dispatcherServlet'
2023-09-06 08:56:53,703 INFO o.s.w.s.FrameworkServlet [http-nio-2244-exec-1] Completed initialization in 5 ms
2023-09-06 08:56:53,841 INFO o.e.c.GreetingController [http-nio-2244-exec-2] greeting
2023-09-06 08:57:01,360 INFO o.e.s.EmailServiceImpl [http-nio-2244-exec-4] Get all email addresses {}
2023-09-06 08:57:04,901 INFO o.e.s.EmailServiceImpl [http-nio-2244-exec-5] Email address MailAddress(mailAddress=taras.kushmyruk@gmail.com) was saved
2023-09-06 08:57:04,916 INFO o.e.s.EmailServiceImpl [http-nio-2244-exec-6] Get all email addresses taras.kushmyruk@gmail.com
2023-09-06 08:57:05,815 INFO o.e.s.PositionService [scheduling-1] Job is disabled
2023-09-06 08:57:14,340 INFO o.e.c.GreetingController [http-nio-2244-exec-8] greeting
2023-09-06 08:57:19,884 INFO o.e.s.PositionService [http-nio-2244-exec-9] Job new status true
2023-09-06 08:57:19,891 INFO o.e.c.GreetingController [http-nio-2244-exec-10] greeting
2023-09-06 08:57:35,812 INFO o.e.s.PositionService [scheduling-1] Job started
2023-09-06 08:57:45,536 INFO o.e.s.PositionService [scheduling-1] 3 positions was received
2023-09-06 08:57:45,563 INFO o.e.s.EmailServiceImpl [scheduling-1] Get all email addresses taras.kushmyruk@gmail.com
2023-09-06 08:57:45,564 INFO o.e.s.PositionService [scheduling-1] taras.kushmyruk@gmail.com email addresses
2023-09-06 08:57:45,599 INFO o.e.s.EmailServiceImpl [scheduling-1] Mail properties {positions=[PositionDTO(primaryRole=Developer, primarySkill=PrimarySkillDTO(primarySkill=Java), seniorityLvl=SeniorityDTO(seniorityLvl=[A3, A4, A5]), skills=[SkillDTO(fullName=Java Microservice Infrastructure, isMustHave=true), SkillDTO(fullName=Spring Boot, isMustHave=true)], positionLocations=[LocationDTO(displayName=Mogilev), LocationDTO(displayName=Belarus), LocationDTO(displayName=Europe - East), LocationDTO(displayName=Gomel), LocationDTO(displayName=Brest), LocationDTO(displayName=Fanipol), LocationDTO(displayName=Minsk), LocationDTO(displayName=Vitebsk), LocationDTO(displayName=Grodno), LocationDTO(displayName=Zaporizhzhia), LocationDTO(displayName=Ukraine), LocationDTO(displayName=Mykolaiv), LocationDTO(displayName=Uzhhorod), LocationDTO(displayName=Ivano-Frankivsk), LocationDTO(displayName=Kherson), LocationDTO(displayName=Vinnytsia), LocationDTO(displayName=Lviv), LocationDTO(displayName=Kharkiv), LocationDTO(displayName=Kremenchuk), LocationDTO(displayName=Poltava), LocationDTO(displayName=Cherkasy), LocationDTO(displayName=Rivne), LocationDTO(displayName=Kyiv), LocationDTO(displayName=Sumy), LocationDTO(displayName=Crimea), LocationDTO(displayName=Odesa), LocationDTO(displayName=Khmelnytskyi), LocationDTO(displayName=Ternopil), LocationDTO(displayName=Dnipro), LocationDTO(displayName=Chernivtsi)], positionBillingType=Billable, staffingCommitmentTypeDTO=null, domain=Project, projectCode=SEPH-COMM, creationDate=1693978393846), PositionDTO(primaryRole=Developer, primarySkill=PrimarySkillDTO(primarySkill=Java), seniorityLvl=SeniorityDTO(seniorityLvl=[A3, A4, A5]), skills=[SkillDTO(fullName=Java Microservice Infrastructure, isMustHave=true), SkillDTO(fullName=Spring Boot, isMustHave=true)], positionLocations=[LocationDTO(displayName=Mogilev), LocationDTO(displayName=Belarus), LocationDTO(displayName=Europe - East), LocationDTO(displayName=Gomel), LocationDTO(displayName=Brest), LocationDTO(displayName=Fanipol), LocationDTO(displayName=Minsk), LocationDTO(displayName=Vitebsk), LocationDTO(displayName=Grodno), LocationDTO(displayName=Zaporizhzhia), LocationDTO(displayName=Ukraine), LocationDTO(displayName=Mykolaiv), LocationDTO(displayName=Uzhhorod), LocationDTO(displayName=Ivano-Frankivsk), LocationDTO(displayName=Kherson), LocationDTO(displayName=Vinnytsia), LocationDTO(displayName=Lviv), LocationDTO(displayName=Kharkiv), LocationDTO(displayName=Kremenchuk), LocationDTO(displayName=Poltava), LocationDTO(displayName=Cherkasy), LocationDTO(displayName=Rivne), LocationDTO(displayName=Kyiv), LocationDTO(displayName=Sumy), LocationDTO(displayName=Crimea), LocationDTO(displayName=Odesa), LocationDTO(displayName=Khmelnytskyi), LocationDTO(displayName=Ternopil), LocationDTO(displayName=Dnipro), LocationDTO(displayName=Chernivtsi)], positionBillingType=Billable, staffingCommitmentTypeDTO=null, domain=Project, projectCode=SEPH-COMM, creationDate=1693978399482), PositionDTO(primaryRole=Key Engineer, primarySkill=PrimarySkillDTO(primarySkill=Java), seniorityLvl=SeniorityDTO(seniorityLvl=[A3, A4]), skills=[SkillDTO(fullName=Behavior Driven Development, isMustHave=true), SkillDTO(fullName=Data-driven Testing, isMustHave=true), SkillDTO(fullName=Karate, isMustHave=true), SkillDTO(fullName=REST, isMustHave=true), SkillDTO(fullName=Web Service / API Testing Tools, isMustHave=true), SkillDTO(fullName=Cypress, isMustHave=false), SkillDTO(fullName=Playwright, isMustHave=false)], positionLocations=[LocationDTO(displayName=Pune), LocationDTO(displayName=India), LocationDTO(displayName=Asia - South), LocationDTO(displayName=Chennai), LocationDTO(displayName=Gurgaon), LocationDTO(displayName=Delhi), LocationDTO(displayName=Mumbai), LocationDTO(displayName=Hyderabad), LocationDTO(displayName=Bangalore), LocationDTO(displayName=Gdansk), LocationDTO(displayName=Poland), LocationDTO(displayName=Europe - East), LocationDTO(displayName=Lodz), LocationDTO(displayName=Bialystok), LocationDTO(displayName=Krakow), LocationDTO(displayName=Lublin), LocationDTO(displayName=Katowice), LocationDTO(displayName=Warsaw), LocationDTO(displayName=Poznan), LocationDTO(displayName=Wroclaw), LocationDTO(displayName=Gliwice), LocationDTO(displayName=Szczecin), LocationDTO(displayName=Bucharest), LocationDTO(displayName=Romania), LocationDTO(displayName=Iasi), LocationDTO(displayName=Cluj-Napoca), LocationDTO(displayName=Dej), LocationDTO(displayName=Lviv), LocationDTO(displayName=Ukraine), LocationDTO(displayName=Ternopil), LocationDTO(displayName=Zaporizhzhia), LocationDTO(displayName=Vinnytsia), LocationDTO(displayName=Cherkasy), LocationDTO(displayName=Mykolaiv), LocationDTO(displayName=Rivne), LocationDTO(displayName=Poltava), LocationDTO(displayName=Crimea), LocationDTO(displayName=Uzhhorod), LocationDTO(displayName=Kharkiv), LocationDTO(displayName=Dnipro), LocationDTO(displayName=Kherson), LocationDTO(displayName=Sumy), LocationDTO(displayName=Chernivtsi), LocationDTO(displayName=Kremenchuk), LocationDTO(displayName=Khmelnytskyi), LocationDTO(displayName=Odesa), LocationDTO(displayName=Ivano-Frankivsk), LocationDTO(displayName=Kyiv)], positionBillingType=Billable, staffingCommitmentTypeDTO=null, domain=Project, projectCode=HOTS-MOBI, creationDate=1693978884455)]} created
2023-09-06 08:57:45,697 INFO o.e.s.EmailServiceImpl [scheduling-1] Email configuration: from taras_kushmyruk@epam.com, subject Opportunities, addresses[taras.kushmyruk@gmail.com]
2023-09-06 08:57:56,807 INFO o.e.s.PositionService [scheduling-1] Email was successfully sent
2023-09-06 08:58:03,872 INFO o.s.o.j.AbstractEntityManagerFactoryBean [SpringApplicationShutdownHook] Closing JPA EntityManagerFactory for persistence unit 'default'
2023-09-06 08:58:04,058 INFO c.z.h.HikariDataSource [SpringApplicationShutdownHook] HikariPool-1 - Shutdown initiated...
2023-09-06 08:58:04,068 INFO c.z.h.HikariDataSource [SpringApplicationShutdownHook] HikariPool-1 - Shutdown completed.
2023-09-06 09:02:48,934 INFO o.h.v.i.u.Version [background-preinit] HV000001: Hibernate Validator 8.0.0.Final
2023-09-06 09:02:49,092 INFO o.s.b.StartupInfoLogger [main] Starting Application using Java 20.0.2 with PID 20296 (/Users/Taras_Kushmyruk/IdeaProjects/PositionNotification/target/classes started by Taras_Kushmyruk in /Users/Taras_Kushmyruk/IdeaProjects/PositionNotification)
2023-09-06 09:02:49,096 INFO o.s.b.SpringApplication [main] No active profile set, falling back to 1 default profile: "default"
2023-09-06 09:02:52,274 INFO o.s.d.r.c.RepositoryConfigurationDelegate [main] Bootstrapping Spring Data JPA repositories in DEFAULT mode.
2023-09-06 09:02:52,423 INFO o.s.d.r.c.RepositoryConfigurationDelegate [main] Finished Spring Data repository scanning in 141 ms. Found 1 JPA repository interfaces.
2023-09-06 09:02:52,882 INFO o.s.c.c.s.GenericScope [main] BeanFactory id=ce34ee2f-686e-3b70-bca1-03b48b8006c2
2023-09-06 09:02:53,482 INFO o.s.c.s.PostProcessorRegistrationDelegate$BeanPostProcessorChecker [main] Bean 'org.example.client.PositionClient' of type [org.springframework.cloud.openfeign.FeignClientFactoryBean] is not eligible for getting processed by all BeanPostProcessors (for example: not eligible for auto-proxying)
2023-09-06 09:02:53,488 INFO o.s.c.s.PostProcessorRegistrationDelegate$BeanPostProcessorChecker [main] Bean 'org.example.client.PostFeignClient' of type [org.springframework.cloud.openfeign.FeignClientFactoryBean] is not eligible for getting processed by all BeanPostProcessors (for example: not eligible for auto-proxying)
2023-09-06 09:02:54,169 INFO o.s.b.w.e.t.TomcatWebServer [main] Tomcat initialized with port(s): 2244 (http)
2023-09-06 09:02:54,182 INFO o.a.j.l.DirectJDKLog [main] Initializing ProtocolHandler ["http-nio-2244"]
2023-09-06 09:02:54,188 INFO o.a.j.l.DirectJDKLog [main] Starting service [Tomcat]
2023-09-06 09:02:54,188 INFO o.a.j.l.DirectJDKLog [main] Starting Servlet engine: [Apache Tomcat/10.1.10]
2023-09-06 09:02:54,356 INFO o.a.j.l.DirectJDKLog [main] Initializing Spring embedded WebApplicationContext
2023-09-06 09:02:54,359 INFO o.s.b.w.s.c.ServletWebServerApplicationContext [main] Root WebApplicationContext: initialization completed in 4477 ms
2023-09-06 09:02:54,841 INFO c.z.h.HikariDataSource [main] HikariPool-1 - Starting...
2023-09-06 09:02:54,988 INFO c.z.h.p.HikariPool [main] HikariPool-1 - Added connection conn0: url=jdbc:h2:mem:mydb user=SA
2023-09-06 09:02:54,993 INFO c.z.h.HikariDataSource [main] HikariPool-1 - Start completed.
2023-09-06 09:02:55,082 INFO o.h.j.i.u.LogHelper [main] HHH000204: Processing PersistenceUnitInfo [name: default]
2023-09-06 09:02:55,121 INFO o.h.Version [main] HHH000412: Hibernate ORM core version 6.2.5.Final
2023-09-06 09:02:55,124 INFO o.h.c.Environment [main] HHH000406: Using bytecode reflection optimizer
2023-09-06 09:02:55,229 INFO o.h.b.i.BytecodeProviderInitiator [main] HHH000021: Bytecode provider name : bytebuddy
2023-09-06 09:02:55,360 INFO o.s.o.j.p.SpringPersistenceUnitInfo [main] No LoadTimeWeaver setup: ignoring JPA class transformer
2023-09-06 09:02:55,545 INFO o.h.b.i.BytecodeProviderInitiator [main] HHH000021: Bytecode provider name : bytebuddy
2023-09-06 09:02:56,490 INFO o.h.e.t.j.p.i.JtaPlatformInitiator [main] HHH000490: Using JtaPlatform implementation: [org.hibernate.engine.transaction.jta.platform.internal.NoJtaPlatform]
2023-09-06 09:02:56,541 INFO o.s.o.j.AbstractEntityManagerFactoryBean [main] Initialized JPA EntityManagerFactory for persistence unit 'default'
2023-09-06 09:02:57,213 INFO o.s.d.j.r.q.QueryEnhancerFactory [main] Hibernate is in classpath; If applicable, HQL parser will be used.
2023-09-06 09:02:58,170 WARN o.s.b.a.o.j.JpaBaseConfiguration$JpaWebConfiguration [main] spring.jpa.open-in-view is enabled by default. Therefore, database queries may be performed during view rendering. Explicitly configure spring.jpa.open-in-view to disable this warning
2023-09-06 09:02:59,672 INFO o.s.b.a.e.w.EndpointLinksResolver [main] Exposing 1 endpoint(s) beneath base path '/actuator'
2023-09-06 09:02:59,785 INFO o.a.j.l.DirectJDKLog [main] Starting ProtocolHandler ["http-nio-2244"]
2023-09-06 09:02:59,807 INFO o.s.b.w.e.t.TomcatWebServer [main] Tomcat started on port(s): 2244 (http) with context path ''
2023-09-06 09:02:59,833 INFO o.e.s.PositionService [scheduling-1] Job is disabled
2023-09-06 09:02:59,834 INFO o.s.b.StartupInfoLogger [main] Started Application in 12.16 seconds (process running for 13.395)
2023-09-06 09:03:12,566 INFO o.a.j.l.DirectJDKLog [http-nio-2244-exec-1] Initializing Spring DispatcherServlet 'dispatcherServlet'
2023-09-06 09:03:12,567 INFO o.s.w.s.FrameworkServlet [http-nio-2244-exec-1] Initializing Servlet 'dispatcherServlet'
2023-09-06 09:03:12,573 INFO o.s.w.s.FrameworkServlet [http-nio-2244-exec-1] Completed initialization in 6 ms
2023-09-06 09:03:12,742 INFO o.e.c.GreetingController [http-nio-2244-exec-1] greeting
2023-09-06 09:03:20,698 INFO o.e.s.EmailServiceImpl [http-nio-2244-exec-3] Get all email addresses {}
2023-09-06 09:03:23,137 INFO o.e.s.EmailServiceImpl [http-nio-2244-exec-4] Email address MailAddress(mailAddress=taras.kushmyruk@gmail.com) was saved
2023-09-06 09:03:23,159 INFO o.e.s.EmailServiceImpl [http-nio-2244-exec-5] Get all email addresses taras.kushmyruk@gmail.com
2023-09-06 09:03:28,166 INFO o.e.c.GreetingController [http-nio-2244-exec-6] greeting
2023-09-06 09:03:29,838 INFO o.e.s.PositionService [scheduling-1] Job is disabled
2023-09-06 09:03:32,162 INFO o.e.s.PositionService [http-nio-2244-exec-7] Job new status true
2023-09-06 09:03:32,178 INFO o.e.c.GreetingController [http-nio-2244-exec-8] greeting
2023-09-06 09:03:59,836 INFO o.e.s.PositionService [scheduling-1] Job started
2023-09-06 09:04:04,496 INFO o.e.s.PositionService [scheduling-1] 3 positions was received
2023-09-06 09:04:04,542 INFO o.e.s.EmailServiceImpl [scheduling-1] Get all email addresses taras.kushmyruk@gmail.com
2023-09-06 09:04:04,543 INFO o.e.s.PositionService [scheduling-1] taras.kushmyruk@gmail.com email addresses
2023-09-06 09:04:04,576 INFO o.e.s.EmailServiceImpl [scheduling-1] Mail properties {positions=[PositionDTO(primaryRole=Developer, primarySkill=PrimarySkillDTO(primarySkill=Java), seniorityLvl=SeniorityDTO(seniorityLvl=[A3, A4, A5]), skills=[SkillDTO(fullName=Java Microservice Infrastructure, isMustHave=true), SkillDTO(fullName=Spring Boot, isMustHave=true)], positionLocations=[LocationDTO(displayName=Mogilev), LocationDTO(displayName=Belarus), LocationDTO(displayName=Europe - East), LocationDTO(displayName=Gomel), LocationDTO(displayName=Brest), LocationDTO(displayName=Fanipol), LocationDTO(displayName=Minsk), LocationDTO(displayName=Vitebsk), LocationDTO(displayName=Grodno), LocationDTO(displayName=Zaporizhzhia), LocationDTO(displayName=Ukraine), LocationDTO(displayName=Mykolaiv), LocationDTO(displayName=Uzhhorod), LocationDTO(displayName=Ivano-Frankivsk), LocationDTO(displayName=Kherson), LocationDTO(displayName=Vinnytsia), LocationDTO(displayName=Lviv), LocationDTO(displayName=Kharkiv), LocationDTO(displayName=Kremenchuk), LocationDTO(displayName=Poltava), LocationDTO(displayName=Cherkasy), LocationDTO(displayName=Rivne), LocationDTO(displayName=Kyiv), LocationDTO(displayName=Sumy), LocationDTO(displayName=Crimea), LocationDTO(displayName=Odesa), LocationDTO(displayName=Khmelnytskyi), LocationDTO(displayName=Ternopil), LocationDTO(displayName=Dnipro), LocationDTO(displayName=Chernivtsi)], positionBillingType=Billable, staffingCommitmentTypeDTO=null, domain=Project, projectCode=SEPH-COMM, creationDate=1693978393846), PositionDTO(primaryRole=Developer, primarySkill=PrimarySkillDTO(primarySkill=Java), seniorityLvl=SeniorityDTO(seniorityLvl=[A3, A4, A5]), skills=[SkillDTO(fullName=Java Microservice Infrastructure, isMustHave=true), SkillDTO(fullName=Spring Boot, isMustHave=true)], positionLocations=[LocationDTO(displayName=Mogilev), LocationDTO(displayName=Belarus), LocationDTO(displayName=Europe - East), LocationDTO(displayName=Gomel), LocationDTO(displayName=Brest), LocationDTO(displayName=Fanipol), LocationDTO(displayName=Minsk), LocationDTO(displayName=Vitebsk), LocationDTO(displayName=Grodno), LocationDTO(displayName=Zaporizhzhia), LocationDTO(displayName=Ukraine), LocationDTO(displayName=Mykolaiv), LocationDTO(displayName=Uzhhorod), LocationDTO(displayName=Ivano-Frankivsk), LocationDTO(displayName=Kherson), LocationDTO(displayName=Vinnytsia), LocationDTO(displayName=Lviv), LocationDTO(displayName=Kharkiv), LocationDTO(displayName=Kremenchuk), LocationDTO(displayName=Poltava), LocationDTO(displayName=Cherkasy), LocationDTO(displayName=Rivne), LocationDTO(displayName=Kyiv), LocationDTO(displayName=Sumy), LocationDTO(displayName=Crimea), LocationDTO(displayName=Odesa), LocationDTO(displayName=Khmelnytskyi), LocationDTO(displayName=Ternopil), LocationDTO(displayName=Dnipro), LocationDTO(displayName=Chernivtsi)], positionBillingType=Billable, staffingCommitmentTypeDTO=null, domain=Project, projectCode=SEPH-COMM, creationDate=1693978399482), PositionDTO(primaryRole=Key Engineer, primarySkill=PrimarySkillDTO(primarySkill=Java), seniorityLvl=SeniorityDTO(seniorityLvl=[A3, A4]), skills=[SkillDTO(fullName=Behavior Driven Development, isMustHave=true), SkillDTO(fullName=Data-driven Testing, isMustHave=true), SkillDTO(fullName=Karate, isMustHave=true), SkillDTO(fullName=REST, isMustHave=true), SkillDTO(fullName=Web Service / API Testing Tools, isMustHave=true), SkillDTO(fullName=Cypress, isMustHave=false), SkillDTO(fullName=Playwright, isMustHave=false)], positionLocations=[LocationDTO(displayName=Pune), LocationDTO(displayName=India), LocationDTO(displayName=Asia - South), LocationDTO(displayName=Chennai), LocationDTO(displayName=Gurgaon), LocationDTO(displayName=Delhi), LocationDTO(displayName=Mumbai), LocationDTO(displayName=Hyderabad), LocationDTO(displayName=Bangalore), LocationDTO(displayName=Gdansk), LocationDTO(displayName=Poland), LocationDTO(displayName=Europe - East), LocationDTO(displayName=Lodz), LocationDTO(displayName=Bialystok), LocationDTO(displayName=Krakow), LocationDTO(displayName=Lublin), LocationDTO(displayName=Katowice), LocationDTO(displayName=Warsaw), LocationDTO(displayName=Poznan), LocationDTO(displayName=Wroclaw), LocationDTO(displayName=Gliwice), LocationDTO(displayName=Szczecin), LocationDTO(displayName=Bucharest), LocationDTO(displayName=Romania), LocationDTO(displayName=Iasi), LocationDTO(displayName=Cluj-Napoca), LocationDTO(displayName=Dej), LocationDTO(displayName=Lviv), LocationDTO(displayName=Ukraine), LocationDTO(displayName=Ternopil), LocationDTO(displayName=Zaporizhzhia), LocationDTO(displayName=Vinnytsia), LocationDTO(displayName=Cherkasy), LocationDTO(displayName=Mykolaiv), LocationDTO(displayName=Rivne), LocationDTO(displayName=Poltava), LocationDTO(displayName=Crimea), LocationDTO(displayName=Uzhhorod), LocationDTO(displayName=Kharkiv), LocationDTO(displayName=Dnipro), LocationDTO(displayName=Kherson), LocationDTO(displayName=Sumy), LocationDTO(displayName=Chernivtsi), LocationDTO(displayName=Kremenchuk), LocationDTO(displayName=Khmelnytskyi), LocationDTO(displayName=Odesa), LocationDTO(displayName=Ivano-Frankivsk), LocationDTO(displayName=Kyiv)], positionBillingType=Billable, staffingCommitmentTypeDTO=null, domain=Project, projectCode=HOTS-MOBI, creationDate=1693978884455)]} created
2023-09-06 09:04:04,670 INFO o.e.s.EmailServiceImpl [scheduling-1] Email configuration: from taras_kushmyruk@epam.com, subject Opportunities, addresses[taras.kushmyruk@gmail.com]
2023-09-06 09:04:15,485 INFO o.e.s.PositionService [scheduling-1] Email was successfully sent
2023-09-06 09:04:19,564 INFO o.s.o.j.AbstractEntityManagerFactoryBean [SpringApplicationShutdownHook] Closing JPA EntityManagerFactory for persistence unit 'default'
2023-09-06 09:04:19,743 INFO c.z.h.HikariDataSource [SpringApplicationShutdownHook] HikariPool-1 - Shutdown initiated...
2023-09-06 09:04:19,752 INFO c.z.h.HikariDataSource [SpringApplicationShutdownHook] HikariPool-1 - Shutdown completed.
2023-09-06 09:08:23,708 INFO o.h.v.i.u.Version [background-preinit] HV000001: Hibernate Validator 8.0.0.Final
2023-09-06 09:08:23,875 INFO o.s.b.StartupInfoLogger [main] Starting Application using Java 20.0.2 with PID 20752 (/Users/Taras_Kushmyruk/IdeaProjects/PositionNotification/target/classes started by Taras_Kushmyruk in /Users/Taras_Kushmyruk/IdeaProjects/PositionNotification)
2023-09-06 09:08:23,878 INFO o.s.b.SpringApplication [main] No active profile set, falling back to 1 default profile: "default"
2023-09-06 09:08:27,047 INFO o.s.d.r.c.RepositoryConfigurationDelegate [main] Bootstrapping Spring Data JPA repositories in DEFAULT mode.
2023-09-06 09:08:27,164 INFO o.s.d.r.c.RepositoryConfigurationDelegate [main] Finished Spring Data repository scanning in 109 ms. Found 1 JPA repository interfaces.
2023-09-06 09:08:27,634 INFO o.s.c.c.s.GenericScope [main] BeanFactory id=ce34ee2f-686e-3b70-bca1-03b48b8006c2
2023-09-06 09:08:28,223 INFO o.s.c.s.PostProcessorRegistrationDelegate$BeanPostProcessorChecker [main] Bean 'org.example.client.PositionClient' of type [org.springframework.cloud.openfeign.FeignClientFactoryBean] is not eligible for getting processed by all BeanPostProcessors (for example: not eligible for auto-proxying)
2023-09-06 09:08:28,235 INFO o.s.c.s.PostProcessorRegistrationDelegate$BeanPostProcessorChecker [main] Bean 'org.example.client.PostFeignClient' of type [org.springframework.cloud.openfeign.FeignClientFactoryBean] is not eligible for getting processed by all BeanPostProcessors (for example: not eligible for auto-proxying)
2023-09-06 09:08:28,973 INFO o.s.b.w.e.t.TomcatWebServer [main] Tomcat initialized with port(s): 2244 (http)
2023-09-06 09:08:28,988 INFO o.a.j.l.DirectJDKLog [main] Initializing ProtocolHandler ["http-nio-2244"]
2023-09-06 09:08:28,991 INFO o.a.j.l.DirectJDKLog [main] Starting service [Tomcat]
2023-09-06 09:08:28,992 INFO o.a.j.l.DirectJDKLog [main] Starting Servlet engine: [Apache Tomcat/10.1.10]
2023-09-06 09:08:29,152 INFO o.a.j.l.DirectJDKLog [main] Initializing Spring embedded WebApplicationContext
2023-09-06 09:08:29,160 INFO o.s.b.w.s.c.ServletWebServerApplicationContext [main] Root WebApplicationContext: initialization completed in 4498 ms
2023-09-06 09:08:29,593 INFO c.z.h.HikariDataSource [main] HikariPool-1 - Starting...
2023-09-06 09:08:29,759 INFO c.z.h.p.HikariPool [main] HikariPool-1 - Added connection conn0: url=jdbc:h2:mem:mydb user=SA
2023-09-06 09:08:29,762 INFO c.z.h.HikariDataSource [main] HikariPool-1 - Start completed.
2023-09-06 09:08:29,828 INFO o.h.j.i.u.LogHelper [main] HHH000204: Processing PersistenceUnitInfo [name: default]
2023-09-06 09:08:29,864 INFO o.h.Version [main] HHH000412: Hibernate ORM core version 6.2.5.Final
2023-09-06 09:08:29,869 INFO o.h.c.Environment [main] HHH000406: Using bytecode reflection optimizer
2023-09-06 09:08:29,980 INFO o.h.b.i.BytecodeProviderInitiator [main] HHH000021: Bytecode provider name : bytebuddy
2023-09-06 09:08:30,096 INFO o.s.o.j.p.SpringPersistenceUnitInfo [main] No LoadTimeWeaver setup: ignoring JPA class transformer
2023-09-06 09:08:30,285 INFO o.h.b.i.BytecodeProviderInitiator [main] HHH000021: Bytecode provider name : bytebuddy
2023-09-06 09:08:31,284 INFO o.h.e.t.j.p.i.JtaPlatformInitiator [main] HHH000490: Using JtaPlatform implementation: [org.hibernate.engine.transaction.jta.platform.internal.NoJtaPlatform]
2023-09-06 09:08:31,361 INFO o.s.o.j.AbstractEntityManagerFactoryBean [main] Initialized JPA EntityManagerFactory for persistence unit 'default'
2023-09-06 09:08:32,039 INFO o.s.d.j.r.q.QueryEnhancerFactory [main] Hibernate is in classpath; If applicable, HQL parser will be used.
2023-09-06 09:08:33,039 WARN o.s.b.a.o.j.JpaBaseConfiguration$JpaWebConfiguration [main] spring.jpa.open-in-view is enabled by default. Therefore, database queries may be performed during view rendering. Explicitly configure spring.jpa.open-in-view to disable this warning
2023-09-06 09:08:34,538 INFO o.s.b.a.e.w.EndpointLinksResolver [main] Exposing 1 endpoint(s) beneath base path '/actuator'
2023-09-06 09:08:34,631 INFO o.a.j.l.DirectJDKLog [main] Starting ProtocolHandler ["http-nio-2244"]
2023-09-06 09:08:34,647 INFO o.s.b.w.e.t.TomcatWebServer [main] Tomcat started on port(s): 2244 (http) with context path ''
2023-09-06 09:08:34,674 INFO o.e.s.PositionService [scheduling-1] Job is disabled
2023-09-06 09:08:34,674 INFO o.s.b.StartupInfoLogger [main] Started Application in 12.249 seconds (process running for 13.505)
2023-09-06 09:09:04,679 INFO o.e.s.PositionService [scheduling-1] Job is disabled
2023-09-06 09:09:12,550 INFO o.a.j.l.DirectJDKLog [http-nio-2244-exec-1] Initializing Spring DispatcherServlet 'dispatcherServlet'
2023-09-06 09:09:12,550 INFO o.s.w.s.FrameworkServlet [http-nio-2244-exec-1] Initializing Servlet 'dispatcherServlet'
2023-09-06 09:09:12,553 INFO o.s.w.s.FrameworkServlet [http-nio-2244-exec-1] Completed initialization in 2 ms
2023-09-06 09:09:12,681 INFO o.e.c.GreetingController [http-nio-2244-exec-1] greeting
2023-09-06 09:09:14,760 INFO o.e.s.EmailServiceImpl [http-nio-2244-exec-2] Get all email addresses {}
2023-09-06 09:09:17,105 INFO o.e.s.EmailServiceImpl [http-nio-2244-exec-3] Email address MailAddress(mailAddress=taras.kushmyruk@gmail.com) was saved
2023-09-06 09:09:17,123 INFO o.e.s.EmailServiceImpl [http-nio-2244-exec-4] Get all email addresses taras.kushmyruk@gmail.com
2023-09-06 09:09:18,169 INFO o.e.c.GreetingController [http-nio-2244-exec-5] greeting
2023-09-06 09:09:20,785 INFO o.e.s.PositionService [http-nio-2244-exec-6] Job new status true
2023-09-06 09:09:20,806 INFO o.e.c.GreetingController [http-nio-2244-exec-7] greeting
2023-09-06 09:09:34,676 INFO o.e.s.PositionService [scheduling-1] Job started
2023-09-06 09:09:35,785 ERROR o.e.s.PositionService [scheduling-1] Job was failed due to [401 Unauthorized] during [GET] to [https://radar.epam.com/api/search/64ae70e4f27f5bb2f5efb046/] [PostFeignClient#getSearchDto(String)]: []
2023-09-06 09:10:04,681 INFO o.e.s.PositionService [scheduling-1] Job started
2023-09-06 09:10:05,344 ERROR o.e.s.PositionService [scheduling-1] Job was failed due to [401 Unauthorized] during [GET] to [https://radar.epam.com/api/search/64ae70e4f27f5bb2f5efb046/] [PostFeignClient#getSearchDto(String)]: []
2023-09-06 09:10:07,851 INFO o.e.c.GreetingController [http-nio-2244-exec-9] greeting
2023-09-06 09:10:34,675 INFO o.e.s.PositionService [scheduling-1] Job started
2023-09-06 09:10:35,263 ERROR o.e.s.PositionService [scheduling-1] Job was failed due to [401 Unauthorized] during [GET] to [https://radar.epam.com/api/search/64ae70e4f27f5bb2f5efb046/] [PostFeignClient#getSearchDto(String)]: []
2023-09-06 09:10:53,903 INFO o.e.c.GreetingController [http-nio-2244-exec-2] greeting
2023-09-06 09:11:04,678 INFO o.e.s.PositionService [scheduling-1] Job started
2023-09-06 09:11:09,240 INFO o.e.s.PositionService [scheduling-1] 3 positions was received
2023-09-06 09:11:09,281 INFO o.e.s.EmailServiceImpl [scheduling-1] Get all email addresses taras.kushmyruk@gmail.com
2023-09-06 09:11:09,281 INFO o.e.s.PositionService [scheduling-1] taras.kushmyruk@gmail.com email addresses
2023-09-06 09:11:09,316 INFO o.e.s.EmailServiceImpl [scheduling-1] Mail properties {positions=[PositionDTO(primaryRole=Developer, primarySkill=PrimarySkillDTO(primarySkill=Java), seniorityLvl=SeniorityDTO(seniorityLvl=[A3, A4, A5]), skills=[SkillDTO(fullName=Java Microservice Infrastructure, isMustHave=true), SkillDTO(fullName=Spring Boot, isMustHave=true)], positionLocations=[LocationDTO(displayName=Mogilev), LocationDTO(displayName=Belarus), LocationDTO(displayName=Europe - East), LocationDTO(displayName=Gomel), LocationDTO(displayName=Brest), LocationDTO(displayName=Fanipol), LocationDTO(displayName=Minsk), LocationDTO(displayName=Vitebsk), LocationDTO(displayName=Grodno), LocationDTO(displayName=Zaporizhzhia), LocationDTO(displayName=Ukraine), LocationDTO(displayName=Mykolaiv), LocationDTO(displayName=Uzhhorod), LocationDTO(displayName=Ivano-Frankivsk), LocationDTO(displayName=Kherson), LocationDTO(displayName=Vinnytsia), LocationDTO(displayName=Lviv), LocationDTO(displayName=Kharkiv), LocationDTO(displayName=Kremenchuk), LocationDTO(displayName=Poltava), LocationDTO(displayName=Cherkasy), LocationDTO(displayName=Rivne), LocationDTO(displayName=Kyiv), LocationDTO(displayName=Sumy), LocationDTO(displayName=Crimea), LocationDTO(displayName=Odesa), LocationDTO(displayName=Khmelnytskyi), LocationDTO(displayName=Ternopil), LocationDTO(displayName=Dnipro), LocationDTO(displayName=Chernivtsi)], positionBillingType=Billable, staffingCommitmentTypeDTO=null, domain=Project, projectCode=SEPH-COMM, creationDate=1693978393846), PositionDTO(primaryRole=Developer, primarySkill=PrimarySkillDTO(primarySkill=Java), seniorityLvl=SeniorityDTO(seniorityLvl=[A3, A4, A5]), skills=[SkillDTO(fullName=Java Microservice Infrastructure, isMustHave=true), SkillDTO(fullName=Spring Boot, isMustHave=true)], positionLocations=[LocationDTO(displayName=Mogilev), LocationDTO(displayName=Belarus), LocationDTO(displayName=Europe - East), LocationDTO(displayName=Gomel), LocationDTO(displayName=Brest), LocationDTO(displayName=Fanipol), LocationDTO(displayName=Minsk), LocationDTO(displayName=Vitebsk), LocationDTO(displayName=Grodno), LocationDTO(displayName=Zaporizhzhia), LocationDTO(displayName=Ukraine), LocationDTO(displayName=Mykolaiv), LocationDTO(displayName=Uzhhorod), LocationDTO(displayName=Ivano-Frankivsk), LocationDTO(displayName=Kherson), LocationDTO(displayName=Vinnytsia), LocationDTO(displayName=Lviv), LocationDTO(displayName=Kharkiv), LocationDTO(displayName=Kremenchuk), LocationDTO(displayName=Poltava), LocationDTO(displayName=Cherkasy), LocationDTO(displayName=Rivne), LocationDTO(displayName=Kyiv), LocationDTO(displayName=Sumy), LocationDTO(displayName=Crimea), LocationDTO(displayName=Odesa), LocationDTO(displayName=Khmelnytskyi), LocationDTO(displayName=Ternopil), LocationDTO(displayName=Dnipro), LocationDTO(displayName=Chernivtsi)], positionBillingType=Billable, staffingCommitmentTypeDTO=null, domain=Project, projectCode=SEPH-COMM, creationDate=1693978399482), PositionDTO(primaryRole=Key Engineer, primarySkill=PrimarySkillDTO(primarySkill=Java), seniorityLvl=SeniorityDTO(seniorityLvl=[A3, A4]), skills=[SkillDTO(fullName=Behavior Driven Development, isMustHave=true), SkillDTO(fullName=Data-driven Testing, isMustHave=true), SkillDTO(fullName=Karate, isMustHave=true), SkillDTO(fullName=REST, isMustHave=true), SkillDTO(fullName=Web Service / API Testing Tools, isMustHave=true), SkillDTO(fullName=Cypress, isMustHave=false), SkillDTO(fullName=Playwright, isMustHave=false)], positionLocations=[LocationDTO(displayName=Pune), LocationDTO(displayName=India), LocationDTO(displayName=Asia - South), LocationDTO(displayName=Chennai), LocationDTO(displayName=Gurgaon), LocationDTO(displayName=Delhi), LocationDTO(displayName=Mumbai), LocationDTO(displayName=Hyderabad), LocationDTO(displayName=Bangalore), LocationDTO(displayName=Gdansk), LocationDTO(displayName=Poland), LocationDTO(displayName=Europe - East), LocationDTO(displayName=Lodz), LocationDTO(displayName=Bialystok), LocationDTO(displayName=Krakow), LocationDTO(displayName=Lublin), LocationDTO(displayName=Katowice), LocationDTO(displayName=Warsaw), LocationDTO(displayName=Poznan), LocationDTO(displayName=Wroclaw), LocationDTO(displayName=Gliwice), LocationDTO(displayName=Szczecin), LocationDTO(displayName=Bucharest), LocationDTO(displayName=Romania), LocationDTO(displayName=Iasi), LocationDTO(displayName=Cluj-Napoca), LocationDTO(displayName=Dej), LocationDTO(displayName=Lviv), LocationDTO(displayName=Ukraine), LocationDTO(displayName=Ternopil), LocationDTO(displayName=Zaporizhzhia), LocationDTO(displayName=Vinnytsia), LocationDTO(displayName=Cherkasy), LocationDTO(displayName=Mykolaiv), LocationDTO(displayName=Rivne), LocationDTO(displayName=Poltava), LocationDTO(displayName=Crimea), LocationDTO(displayName=Uzhhorod), LocationDTO(displayName=Kharkiv), LocationDTO(displayName=Dnipro), LocationDTO(displayName=Kherson), LocationDTO(displayName=Sumy), LocationDTO(displayName=Chernivtsi), LocationDTO(displayName=Kremenchuk), LocationDTO(displayName=Khmelnytskyi), LocationDTO(displayName=Odesa), LocationDTO(displayName=Ivano-Frankivsk), LocationDTO(displayName=Kyiv)], positionBillingType=Billable, staffingCommitmentTypeDTO=null, domain=Project, projectCode=HOTS-MOBI, creationDate=1693978884455)]} created
2023-09-06 09:11:09,461 INFO o.e.s.EmailServiceImpl [scheduling-1] Email configuration: from taras_kushmyruk@epam.com, subject Opportunities, addresses[taras.kushmyruk@gmail.com]
2023-09-06 09:11:19,866 INFO o.e.s.PositionService [scheduling-1] Email was successfully sent
2023-09-06 09:11:25,415 INFO o.s.o.j.AbstractEntityManagerFactoryBean [SpringApplicationShutdownHook] Closing JPA EntityManagerFactory for persistence unit 'default'
2023-09-06 09:11:25,588 INFO c.z.h.HikariDataSource [SpringApplicationShutdownHook] HikariPool-1 - Shutdown initiated...
2023-09-06 09:11:25,597 INFO c.z.h.HikariDataSource [SpringApplicationShutdownHook] HikariPool-1 - Shutdown completed.
2023-09-06 12:25:58,687 INFO o.h.v.i.u.Version [background-preinit] HV000001: Hibernate Validator 8.0.0.Final
2023-09-06 12:25:58,883 INFO o.s.b.StartupInfoLogger [main] Starting Application using Java 20.0.2 with PID 39121 (/Users/Taras_Kushmyruk/IdeaProjects/PositionNotification/target/classes started by Taras_Kushmyruk in /Users/Taras_Kushmyruk/IdeaProjects/PositionNotification)
2023-09-06 12:25:58,888 INFO o.s.b.SpringApplication [main] No active profile set, falling back to 1 default profile: "default"
2023-09-06 12:26:02,102 INFO o.s.d.r.c.RepositoryConfigurationDelegate [main] Bootstrapping Spring Data JPA repositories in DEFAULT mode.
2023-09-06 12:26:02,217 INFO o.s.d.r.c.RepositoryConfigurationDelegate [main] Finished Spring Data repository scanning in 108 ms. Found 1 JPA repository interfaces.
2023-09-06 12:26:02,689 INFO o.s.c.c.s.GenericScope [main] BeanFactory id=ce34ee2f-686e-3b70-bca1-03b48b8006c2
2023-09-06 12:26:03,258 INFO o.s.c.s.PostProcessorRegistrationDelegate$BeanPostProcessorChecker [main] Bean 'org.example.client.PositionClient' of type [org.springframework.cloud.openfeign.FeignClientFactoryBean] is not eligible for getting processed by all BeanPostProcessors (for example: not eligible for auto-proxying)
2023-09-06 12:26:03,266 INFO o.s.c.s.PostProcessorRegistrationDelegate$BeanPostProcessorChecker [main] Bean 'org.example.client.PostFeignClient' of type [org.springframework.cloud.openfeign.FeignClientFactoryBean] is not eligible for getting processed by all BeanPostProcessors (for example: not eligible for auto-proxying)
2023-09-06 12:26:03,967 INFO o.s.b.w.e.t.TomcatWebServer [main] Tomcat initialized with port(s): 2244 (http)
2023-09-06 12:26:03,983 INFO o.a.j.l.DirectJDKLog [main] Initializing ProtocolHandler ["http-nio-2244"]
2023-09-06 12:26:03,987 INFO o.a.j.l.DirectJDKLog [main] Starting service [Tomcat]
2023-09-06 12:26:03,987 INFO o.a.j.l.DirectJDKLog [main] Starting Servlet engine: [Apache Tomcat/10.1.10]
2023-09-06 12:26:04,174 INFO o.a.j.l.DirectJDKLog [main] Initializing Spring embedded WebApplicationContext
2023-09-06 12:26:04,186 INFO o.s.b.w.s.c.ServletWebServerApplicationContext [main] Root WebApplicationContext: initialization completed in 4508 ms
2023-09-06 12:26:04,629 INFO c.z.h.HikariDataSource [main] HikariPool-1 - Starting...
2023-09-06 12:26:04,793 INFO c.z.h.p.HikariPool [main] HikariPool-1 - Added connection conn0: url=jdbc:h2:mem:mydb user=SA
2023-09-06 12:26:04,797 INFO c.z.h.HikariDataSource [main] HikariPool-1 - Start completed.
2023-09-06 12:26:04,860 INFO o.h.j.i.u.LogHelper [main] HHH000204: Processing PersistenceUnitInfo [name: default]
2023-09-06 12:26:04,905 INFO o.h.Version [main] HHH000412: Hibernate ORM core version 6.2.5.Final
2023-09-06 12:26:04,910 INFO o.h.c.Environment [main] HHH000406: Using bytecode reflection optimizer
2023-09-06 12:26:05,026 INFO o.h.b.i.BytecodeProviderInitiator [main] HHH000021: Bytecode provider name : bytebuddy
2023-09-06 12:26:05,134 INFO o.s.o.j.p.SpringPersistenceUnitInfo [main] No LoadTimeWeaver setup: ignoring JPA class transformer
2023-09-06 12:26:05,413 INFO o.h.b.i.BytecodeProviderInitiator [main] HHH000021: Bytecode provider name : bytebuddy
2023-09-06 12:26:06,420 INFO o.h.e.t.j.p.i.JtaPlatformInitiator [main] HHH000490: Using JtaPlatform implementation: [org.hibernate.engine.transaction.jta.platform.internal.NoJtaPlatform]
2023-09-06 12:26:06,476 INFO o.s.o.j.AbstractEntityManagerFactoryBean [main] Initialized JPA EntityManagerFactory for persistence unit 'default'
2023-09-06 12:26:07,139 INFO o.s.d.j.r.q.QueryEnhancerFactory [main] Hibernate is in classpath; If applicable, HQL parser will be used.
2023-09-06 12:26:08,114 WARN o.s.b.a.o.j.JpaBaseConfiguration$JpaWebConfiguration [main] spring.jpa.open-in-view is enabled by default. Therefore, database queries may be performed during view rendering. Explicitly configure spring.jpa.open-in-view to disable this warning
2023-09-06 12:26:09,530 INFO o.s.b.a.e.w.EndpointLinksResolver [main] Exposing 1 endpoint(s) beneath base path '/actuator'
2023-09-06 12:26:09,617 INFO o.a.j.l.DirectJDKLog [main] Starting ProtocolHandler ["http-nio-2244"]
2023-09-06 12:26:09,651 INFO o.s.b.w.e.t.TomcatWebServer [main] Tomcat started on port(s): 2244 (http) with context path ''
2023-09-06 12:26:09,680 INFO o.e.s.PositionService [scheduling-1] Job is disabled
2023-09-06 12:26:09,680 INFO o.s.b.StartupInfoLogger [main] Started Application in 12.785 seconds (process running for 14.277)
2023-09-06 12:26:29,618 INFO o.s.o.j.AbstractEntityManagerFactoryBean [SpringApplicationShutdownHook] Closing JPA EntityManagerFactory for persistence unit 'default'
2023-09-06 12:26:29,794 INFO c.z.h.HikariDataSource [SpringApplicationShutdownHook] HikariPool-1 - Shutdown initiated...
2023-09-06 12:26:29,804 INFO c.z.h.HikariDataSource [SpringApplicationShutdownHook] HikariPool-1 - Shutdown completed.
2023-09-06 12:32:30,076 INFO o.h.v.i.u.Version [background-preinit] HV000001: Hibernate Validator 8.0.0.Final
2023-09-06 12:32:30,281 INFO o.s.b.StartupInfoLogger [main] Starting Application using Java 20.0.2 with PID 39621 (/Users/Taras_Kushmyruk/IdeaProjects/PositionNotification/target/classes started by Taras_Kushmyruk in /Users/Taras_Kushmyruk/IdeaProjects/PositionNotification)
2023-09-06 12:32:30,285 INFO o.s.b.SpringApplication [main] No active profile set, falling back to 1 default profile: "default"
2023-09-06 12:32:33,504 INFO o.s.d.r.c.RepositoryConfigurationDelegate [main] Bootstrapping Spring Data JPA repositories in DEFAULT mode.
2023-09-06 12:32:33,632 INFO o.s.d.r.c.RepositoryConfigurationDelegate [main] Finished Spring Data repository scanning in 118 ms. Found 1 JPA repository interfaces.
2023-09-06 12:32:34,081 INFO o.s.c.c.s.GenericScope [main] BeanFactory id=ce34ee2f-686e-3b70-bca1-03b48b8006c2
2023-09-06 12:32:34,655 INFO o.s.c.s.PostProcessorRegistrationDelegate$BeanPostProcessorChecker [main] Bean 'org.example.client.PositionClient' of type [org.springframework.cloud.openfeign.FeignClientFactoryBean] is not eligible for getting processed by all BeanPostProcessors (for example: not eligible for auto-proxying)
2023-09-06 12:32:34,666 INFO o.s.c.s.PostProcessorRegistrationDelegate$BeanPostProcessorChecker [main] Bean 'org.example.client.PostFeignClient' of type [org.springframework.cloud.openfeign.FeignClientFactoryBean] is not eligible for getting processed by all BeanPostProcessors (for example: not eligible for auto-proxying)
2023-09-06 12:32:35,405 INFO o.s.b.w.e.t.TomcatWebServer [main] Tomcat initialized with port(s): 2244 (http)
2023-09-06 12:32:35,418 INFO o.a.j.l.DirectJDKLog [main] Initializing ProtocolHandler ["http-nio-2244"]
2023-09-06 12:32:35,422 INFO o.a.j.l.DirectJDKLog [main] Starting service [Tomcat]
2023-09-06 12:32:35,422 INFO o.a.j.l.DirectJDKLog [main] Starting Servlet engine: [Apache Tomcat/10.1.10]
2023-09-06 12:32:35,612 INFO o.a.j.l.DirectJDKLog [main] Initializing Spring embedded WebApplicationContext
2023-09-06 12:32:35,615 INFO o.s.b.w.s.c.ServletWebServerApplicationContext [main] Root WebApplicationContext: initialization completed in 4573 ms
2023-09-06 12:32:36,085 INFO c.z.h.HikariDataSource [main] HikariPool-1 - Starting...
2023-09-06 12:32:36,251 INFO c.z.h.p.HikariPool [main] HikariPool-1 - Added connection conn0: url=jdbc:h2:mem:mydb user=SA
2023-09-06 12:32:36,256 INFO c.z.h.HikariDataSource [main] HikariPool-1 - Start completed.
2023-09-06 12:32:36,333 INFO o.h.j.i.u.LogHelper [main] HHH000204: Processing PersistenceUnitInfo [name: default]
2023-09-06 12:32:36,369 INFO o.h.Version [main] HHH000412: Hibernate ORM core version 6.2.5.Final
2023-09-06 12:32:36,372 INFO o.h.c.Environment [main] HHH000406: Using bytecode reflection optimizer
2023-09-06 12:32:36,485 INFO o.h.b.i.BytecodeProviderInitiator [main] HHH000021: Bytecode provider name : bytebuddy
2023-09-06 12:32:36,625 INFO o.s.o.j.p.SpringPersistenceUnitInfo [main] No LoadTimeWeaver setup: ignoring JPA class transformer
2023-09-06 12:32:36,814 INFO o.h.b.i.BytecodeProviderInitiator [main] HHH000021: Bytecode provider name : bytebuddy
2023-09-06 12:32:37,844 INFO o.h.e.t.j.p.i.JtaPlatformInitiator [main] HHH000490: Using JtaPlatform implementation: [org.hibernate.engine.transaction.jta.platform.internal.NoJtaPlatform]
2023-09-06 12:32:37,899 INFO o.s.o.j.AbstractEntityManagerFactoryBean [main] Initialized JPA EntityManagerFactory for persistence unit 'default'
2023-09-06 12:32:38,570 INFO o.s.d.j.r.q.QueryEnhancerFactory [main] Hibernate is in classpath; If applicable, HQL parser will be used.
2023-09-06 12:32:39,510 WARN o.s.b.a.o.j.JpaBaseConfiguration$JpaWebConfiguration [main] spring.jpa.open-in-view is enabled by default. Therefore, database queries may be performed during view rendering. Explicitly configure spring.jpa.open-in-view to disable this warning
2023-09-06 12:32:41,014 INFO o.s.b.a.e.w.EndpointLinksResolver [main] Exposing 1 endpoint(s) beneath base path '/actuator'
2023-09-06 12:32:41,684 INFO o.a.j.l.DirectJDKLog [main] Starting ProtocolHandler ["http-nio-2244"]
2023-09-06 12:32:41,751 INFO o.s.b.w.e.t.TomcatWebServer [main] Tomcat started on port(s): 2244 (http) with context path ''
2023-09-06 12:32:41,786 INFO o.e.s.PositionService [scheduling-1] Job is disabled
2023-09-06 12:32:41,788 INFO o.s.b.StartupInfoLogger [main] Started Application in 13.409 seconds (process running for 15.198)
2023-09-06 12:33:11,788 INFO o.e.s.PositionService [scheduling-1] Job is disabled
2023-09-06 12:33:41,789 INFO o.e.s.PositionService [scheduling-1] Job is disabled
2023-09-06 12:33:57,292 INFO o.a.j.l.DirectJDKLog [http-nio-2244-exec-1] Initializing Spring DispatcherServlet 'dispatcherServlet'
2023-09-06 12:33:57,293 INFO o.s.w.s.FrameworkServlet [http-nio-2244-exec-1] Initializing Servlet 'dispatcherServlet'
2023-09-06 12:33:57,299 INFO o.s.w.s.FrameworkServlet [http-nio-2244-exec-1] Completed initialization in 5 ms
2023-09-06 12:33:57,491 INFO o.e.c.GreetingController [http-nio-2244-exec-3] greeting
2023-09-06 12:33:59,294 INFO o.e.s.EmailServiceImpl [http-nio-2244-exec-8] Get all email addresses {}
2023-09-06 12:34:01,644 INFO o.e.s.EmailServiceImpl [http-nio-2244-exec-5] Email address MailAddress(mailAddress=taras.kushmyruk@gmail.com) was saved
2023-09-06 12:34:01,672 INFO o.e.s.EmailServiceImpl [http-nio-2244-exec-6] Get all email addresses taras.kushmyruk@gmail.com
2023-09-06 12:34:03,756 INFO o.e.c.GreetingController [http-nio-2244-exec-7] greeting
2023-09-06 12:34:04,885 INFO o.e.s.PositionService [http-nio-2244-exec-1] Job new status true
2023-09-06 12:34:04,908 INFO o.e.c.GreetingController [http-nio-2244-exec-3] greeting
2023-09-06 12:34:11,787 INFO o.e.s.PositionService [scheduling-1] Job started
2023-09-06 12:34:15,895 ERROR o.e.s.PositionService [scheduling-1] Job was failed due to [400 Bad Request] during [POST] to [https://radar.epam.com/api/positions/grid/] [PositionClient#getPositions(String,String)]: [{"code":400,"message":"Invalid query format","details":[{"keyword":"enum","dataPath":".type","schemaPath":"#/anyOf/0/properties/type/enum","params":{"allowedValues":[1]},"message":"should be equal to ... (8360 bytes)]
2023-09-06 12:34:40,436 INFO o.s.o.j.AbstractEntityManagerFactoryBean [SpringApplicationShutdownHook] Closing JPA EntityManagerFactory for persistence unit 'default'
2023-09-06 12:34:40,608 INFO c.z.h.HikariDataSource [SpringApplicationShutdownHook] HikariPool-1 - Shutdown initiated...
2023-09-06 12:34:40,614 INFO c.z.h.HikariDataSource [SpringApplicationShutdownHook] HikariPool-1 - Shutdown completed.
2023-09-06 12:35:12,742 INFO o.h.v.i.u.Version [background-preinit] HV000001: Hibernate Validator 8.0.0.Final
2023-09-06 12:35:12,911 INFO o.s.b.StartupInfoLogger [main] Starting Application using Java 20.0.2 with PID 39806 (/Users/Taras_Kushmyruk/IdeaProjects/PositionNotification/target/classes started by Taras_Kushmyruk in /Users/Taras_Kushmyruk/IdeaProjects/PositionNotification)
2023-09-06 12:35:12,917 INFO o.s.b.SpringApplication [main] No active profile set, falling back to 1 default profile: "default"
2023-09-06 12:35:16,142 INFO o.s.d.r.c.RepositoryConfigurationDelegate [main] Bootstrapping Spring Data JPA repositories in DEFAULT mode.
2023-09-06 12:35:16,286 INFO o.s.d.r.c.RepositoryConfigurationDelegate [main] Finished Spring Data repository scanning in 137 ms. Found 1 JPA repository interfaces.
2023-09-06 12:35:16,732 INFO o.s.c.c.s.GenericScope [main] BeanFactory id=ce34ee2f-686e-3b70-bca1-03b48b8006c2
2023-09-06 12:35:17,333 INFO o.s.c.s.PostProcessorRegistrationDelegate$BeanPostProcessorChecker [main] Bean 'org.example.client.PositionClient' of type [org.springframework.cloud.openfeign.FeignClientFactoryBean] is not eligible for getting processed by all BeanPostProcessors (for example: not eligible for auto-proxying)
2023-09-06 12:35:17,341 INFO o.s.c.s.PostProcessorRegistrationDelegate$BeanPostProcessorChecker [main] Bean 'org.example.client.PostFeignClient' of type [org.springframework.cloud.openfeign.FeignClientFactoryBean] is not eligible for getting processed by all BeanPostProcessors (for example: not eligible for auto-proxying)
2023-09-06 12:35:18,021 INFO o.s.b.w.e.t.TomcatWebServer [main] Tomcat initialized with port(s): 2244 (http)
2023-09-06 12:35:18,037 INFO o.a.j.l.DirectJDKLog [main] Initializing ProtocolHandler ["http-nio-2244"]
2023-09-06 12:35:18,040 INFO o.a.j.l.DirectJDKLog [main] Starting service [Tomcat]
2023-09-06 12:35:18,040 INFO o.a.j.l.DirectJDKLog [main] Starting Servlet engine: [Apache Tomcat/10.1.10]
2023-09-06 12:35:18,219 INFO o.a.j.l.DirectJDKLog [main] Initializing Spring embedded WebApplicationContext
2023-09-06 12:35:18,223 INFO o.s.b.w.s.c.ServletWebServerApplicationContext [main] Root WebApplicationContext: initialization completed in 4534 ms
2023-09-06 12:35:18,652 INFO c.z.h.HikariDataSource [main] HikariPool-1 - Starting...
2023-09-06 12:35:18,828 INFO c.z.h.p.HikariPool [main] HikariPool-1 - Added connection conn0: url=jdbc:h2:mem:mydb user=SA
2023-09-06 12:35:18,831 INFO c.z.h.HikariDataSource [main] HikariPool-1 - Start completed.
2023-09-06 12:35:18,906 INFO o.h.j.i.u.LogHelper [main] HHH000204: Processing PersistenceUnitInfo [name: default]
2023-09-06 12:35:18,951 INFO o.h.Version [main] HHH000412: Hibernate ORM core version 6.2.5.Final
2023-09-06 12:35:18,958 INFO o.h.c.Environment [main] HHH000406: Using bytecode reflection optimizer
2023-09-06 12:35:19,056 INFO o.h.b.i.BytecodeProviderInitiator [main] HHH000021: Bytecode provider name : bytebuddy
2023-09-06 12:35:19,190 INFO o.s.o.j.p.SpringPersistenceUnitInfo [main] No LoadTimeWeaver setup: ignoring JPA class transformer
2023-09-06 12:35:19,439 INFO o.h.b.i.BytecodeProviderInitiator [main] HHH000021: Bytecode provider name : bytebuddy
2023-09-06 12:35:20,463 INFO o.h.e.t.j.p.i.JtaPlatformInitiator [main] HHH000490: Using JtaPlatform implementation: [org.hibernate.engine.transaction.jta.platform.internal.NoJtaPlatform]
2023-09-06 12:35:20,529 INFO o.s.o.j.AbstractEntityManagerFactoryBean [main] Initialized JPA EntityManagerFactory for persistence unit 'default'
2023-09-06 12:35:21,202 INFO o.s.d.j.r.q.QueryEnhancerFactory [main] Hibernate is in classpath; If applicable, HQL parser will be used.
2023-09-06 12:35:22,226 WARN o.s.b.a.o.j.JpaBaseConfiguration$JpaWebConfiguration [main] spring.jpa.open-in-view is enabled by default. Therefore, database queries may be performed during view rendering. Explicitly configure spring.jpa.open-in-view to disable this warning
2023-09-06 12:35:23,647 INFO o.s.b.a.e.w.EndpointLinksResolver [main] Exposing 1 endpoint(s) beneath base path '/actuator'
2023-09-06 12:35:23,758 INFO o.a.j.l.DirectJDKLog [main] Starting ProtocolHandler ["http-nio-2244"]
2023-09-06 12:35:23,781 INFO o.s.b.w.e.t.TomcatWebServer [main] Tomcat started on port(s): 2244 (http) with context path ''
2023-09-06 12:35:23,807 INFO o.e.s.PositionService [scheduling-1] Job is disabled
2023-09-06 12:35:23,807 INFO o.s.b.StartupInfoLogger [main] Started Application in 12.333 seconds (process running for 13.582)
2023-09-06 12:35:31,689 INFO o.a.j.l.DirectJDKLog [http-nio-2244-exec-1] Initializing Spring DispatcherServlet 'dispatcherServlet'
2023-09-06 12:35:31,691 INFO o.s.w.s.FrameworkServlet [http-nio-2244-exec-1] Initializing Servlet 'dispatcherServlet'
2023-09-06 12:35:31,695 INFO o.s.w.s.FrameworkServlet [http-nio-2244-exec-1] Completed initialization in 4 ms
2023-09-06 12:35:31,823 INFO o.e.c.GreetingController [http-nio-2244-exec-2] greeting
2023-09-06 12:35:33,337 INFO o.e.s.EmailServiceImpl [http-nio-2244-exec-3] Get all email addresses {}
2023-09-06 12:35:35,857 INFO o.e.s.EmailServiceImpl [http-nio-2244-exec-6] Email address MailAddress(mailAddress=taras.kushmyruk@gmail.com) was saved
2023-09-06 12:35:35,874 INFO o.e.s.EmailServiceImpl [http-nio-2244-exec-7] Get all email addresses taras.kushmyruk@gmail.com
2023-09-06 12:35:36,881 INFO o.e.c.GreetingController [http-nio-2244-exec-8] greeting
2023-09-06 12:35:38,251 INFO o.e.s.PositionService [http-nio-2244-exec-9] Job new status true
2023-09-06 12:35:38,277 INFO o.e.c.GreetingController [http-nio-2244-exec-10] greeting
2023-09-06 12:35:53,812 INFO o.e.s.PositionService [scheduling-1] Job started
2023-09-06 12:35:57,473 ERROR o.e.s.PositionService [scheduling-1] Job was failed due to [400 Bad Request] during [POST] to [https://radar.epam.com/api/positions/grid/] [PositionClient#getPositions(String,String)]: [{"code":400,"message":"Invalid query format","details":[{"keyword":"enum","dataPath":".type","schemaPath":"#/anyOf/0/properties/type/enum","params":{"allowedValues":[1]},"message":"should be equal to ... (8360 bytes)]
2023-09-06 12:36:05,366 INFO o.s.o.j.AbstractEntityManagerFactoryBean [SpringApplicationShutdownHook] Closing JPA EntityManagerFactory for persistence unit 'default'
2023-09-06 12:36:05,529 INFO c.z.h.HikariDataSource [SpringApplicationShutdownHook] HikariPool-1 - Shutdown initiated...
2023-09-06 12:36:05,536 INFO c.z.h.HikariDataSource [SpringApplicationShutdownHook] HikariPool-1 - Shutdown completed.
2023-09-06 12:39:17,620 INFO o.h.v.i.u.Version [background-preinit] HV000001: Hibernate Validator 8.0.0.Final
2023-09-06 12:39:17,851 INFO o.s.b.StartupInfoLogger [main] Starting Application using Java 20.0.2 with PID 40234 (/Users/Taras_Kushmyruk/IdeaProjects/PositionNotification/target/classes started by Taras_Kushmyruk in /Users/Taras_Kushmyruk/IdeaProjects/PositionNotification)
2023-09-06 12:39:17,863 INFO o.s.b.SpringApplication [main] No active profile set, falling back to 1 default profile: "default"
2023-09-06 12:39:21,458 INFO o.s.d.r.c.RepositoryConfigurationDelegate [main] Bootstrapping Spring Data JPA repositories in DEFAULT mode.
2023-09-06 12:39:21,614 INFO o.s.d.r.c.RepositoryConfigurationDelegate [main] Finished Spring Data repository scanning in 147 ms. Found 1 JPA repository interfaces.
2023-09-06 12:39:22,103 INFO o.s.c.c.s.GenericScope [main] BeanFactory id=ce34ee2f-686e-3b70-bca1-03b48b8006c2
2023-09-06 12:39:22,740 INFO o.s.c.s.PostProcessorRegistrationDelegate$BeanPostProcessorChecker [main] Bean 'org.example.client.PositionClient' of type [org.springframework.cloud.openfeign.FeignClientFactoryBean] is not eligible for getting processed by all BeanPostProcessors (for example: not eligible for auto-proxying)
2023-09-06 12:39:22,756 INFO o.s.c.s.PostProcessorRegistrationDelegate$BeanPostProcessorChecker [main] Bean 'org.example.client.PostFeignClient' of type [org.springframework.cloud.openfeign.FeignClientFactoryBean] is not eligible for getting processed by all BeanPostProcessors (for example: not eligible for auto-proxying)
2023-09-06 12:39:23,614 INFO o.s.b.w.e.t.TomcatWebServer [main] Tomcat initialized with port(s): 2244 (http)
2023-09-06 12:39:23,647 INFO o.a.j.l.DirectJDKLog [main] Initializing ProtocolHandler ["http-nio-2244"]
2023-09-06 12:39:23,651 INFO o.a.j.l.DirectJDKLog [main] Starting service [Tomcat]
2023-09-06 12:39:23,652 INFO o.a.j.l.DirectJDKLog [main] Starting Servlet engine: [Apache Tomcat/10.1.10]
2023-09-06 12:39:23,884 INFO o.a.j.l.DirectJDKLog [main] Initializing Spring embedded WebApplicationContext
2023-09-06 12:39:23,905 INFO o.s.b.w.s.c.ServletWebServerApplicationContext [main] Root WebApplicationContext: initialization completed in 5225 ms
2023-09-06 12:39:24,520 INFO c.z.h.HikariDataSource [main] HikariPool-1 - Starting...
2023-09-06 12:39:24,703 INFO c.z.h.p.HikariPool [main] HikariPool-1 - Added connection conn0: url=jdbc:h2:mem:mydb user=SA
2023-09-06 12:39:24,710 INFO c.z.h.HikariDataSource [main] HikariPool-1 - Start completed.
2023-09-06 12:39:24,816 INFO o.h.j.i.u.LogHelper [main] HHH000204: Processing PersistenceUnitInfo [name: default]
2023-09-06 12:39:24,861 INFO o.h.Version [main] HHH000412: Hibernate ORM core version 6.2.5.Final
2023-09-06 12:39:24,865 INFO o.h.c.Environment [main] HHH000406: Using bytecode reflection optimizer
2023-09-06 12:39:24,995 INFO o.h.b.i.BytecodeProviderInitiator [main] HHH000021: Bytecode provider name : bytebuddy
2023-09-06 12:39:25,132 INFO o.s.o.j.p.SpringPersistenceUnitInfo [main] No LoadTimeWeaver setup: ignoring JPA class transformer
2023-09-06 12:39:25,359 INFO o.h.b.i.BytecodeProviderInitiator [main] HHH000021: Bytecode provider name : bytebuddy
2023-09-06 12:39:26,430 INFO o.h.e.t.j.p.i.JtaPlatformInitiator [main] HHH000490: Using JtaPlatform implementation: [org.hibernate.engine.transaction.jta.platform.internal.NoJtaPlatform]
2023-09-06 12:39:26,515 INFO o.s.o.j.AbstractEntityManagerFactoryBean [main] Initialized JPA EntityManagerFactory for persistence unit 'default'
2023-09-06 12:39:27,370 INFO o.s.d.j.r.q.QueryEnhancerFactory [main] Hibernate is in classpath; If applicable, HQL parser will be used.
2023-09-06 12:39:28,424 WARN o.s.b.a.o.j.JpaBaseConfiguration$JpaWebConfiguration [main] spring.jpa.open-in-view is enabled by default. Therefore, database queries may be performed during view rendering. Explicitly configure spring.jpa.open-in-view to disable this warning
2023-09-06 12:39:29,918 INFO o.s.b.a.e.w.EndpointLinksResolver [main] Exposing 1 endpoint(s) beneath base path '/actuator'
2023-09-06 12:39:30,031 INFO o.a.j.l.DirectJDKLog [main] Starting ProtocolHandler ["http-nio-2244"]
2023-09-06 12:39:30,052 INFO o.s.b.w.e.t.TomcatWebServer [main] Tomcat started on port(s): 2244 (http) with context path ''
2023-09-06 12:39:30,083 INFO o.s.b.StartupInfoLogger [main] Started Application in 13.956 seconds (process running for 15.713)
2023-09-06 12:39:30,083 INFO o.e.s.PositionService [scheduling-1] Job is disabled
2023-09-06 12:39:34,483 INFO o.a.j.l.DirectJDKLog [http-nio-2244-exec-1] Initializing Spring DispatcherServlet 'dispatcherServlet'
2023-09-06 12:39:34,485 INFO o.s.w.s.FrameworkServlet [http-nio-2244-exec-1] Initializing Servlet 'dispatcherServlet'
2023-09-06 12:39:34,488 INFO o.s.w.s.FrameworkServlet [http-nio-2244-exec-1] Completed initialization in 1 ms
2023-09-06 12:39:34,610 INFO o.e.c.GreetingController [http-nio-2244-exec-2] greeting
2023-09-06 12:39:36,144 INFO o.e.s.EmailServiceImpl [http-nio-2244-exec-3] Get all email addresses {}
2023-09-06 12:39:40,932 INFO o.e.s.EmailServiceImpl [http-nio-2244-exec-5] Email address MailAddress(mailAddress=taras.kushmyruk@gmail.com) was saved
2023-09-06 12:39:40,959 INFO o.e.s.EmailServiceImpl [http-nio-2244-exec-7] Get all email addresses taras.kushmyruk@gmail.com
2023-09-06 12:39:43,698 INFO o.e.c.GreetingController [http-nio-2244-exec-8] greeting
2023-09-06 12:39:44,554 INFO o.e.s.PositionService [http-nio-2244-exec-1] Job new status true
2023-09-06 12:39:44,572 INFO o.e.c.GreetingController [http-nio-2244-exec-2] greeting
2023-09-06 12:40:00,089 INFO o.e.s.PositionService [scheduling-1] Job started
2023-09-06 12:40:03,668 ERROR o.e.s.PositionService [scheduling-1] Job was failed due to [400 Bad Request] during [POST] to [https://radar.epam.com/api/positions/grid/] [PositionClient#getPositions(String,String)]: [{"code":400,"message":"Invalid query format","details":[{"keyword":"enum","dataPath":".type","schemaPath":"#/anyOf/0/properties/type/enum","params":{"allowedValues":[1]},"message":"should be equal to ... (8456 bytes)]
2023-09-06 12:40:30,086 INFO o.e.s.PositionService [scheduling-1] Job started
2023-09-06 12:40:32,881 ERROR o.e.s.PositionService [scheduling-1] Job was failed due to [400 Bad Request] during [POST] to [https://radar.epam.com/api/positions/grid/] [PositionClient#getPositions(String,String)]: [{"code":400,"message":"Invalid query format","details":[{"keyword":"enum","dataPath":".type","schemaPath":"#/anyOf/0/properties/type/enum","params":{"allowedValues":[1]},"message":"should be equal to ... (8456 bytes)]
2023-09-06 12:40:35,843 INFO o.s.o.j.AbstractEntityManagerFactoryBean [SpringApplicationShutdownHook] Closing JPA EntityManagerFactory for persistence unit 'default'
2023-09-06 12:40:36,017 INFO c.z.h.HikariDataSource [SpringApplicationShutdownHook] HikariPool-1 - Shutdown initiated...
2023-09-06 12:40:36,025 INFO c.z.h.HikariDataSource [SpringApplicationShutdownHook] HikariPool-1 - Shutdown completed.
2023-09-06 12:42:20,095 INFO o.h.v.i.u.Version [background-preinit] HV000001: Hibernate Validator 8.0.0.Final
2023-09-06 12:42:20,313 INFO o.s.b.StartupInfoLogger [main] Starting Application using Java 20.0.2 with PID 40404 (/Users/Taras_Kushmyruk/IdeaProjects/PositionNotification/target/classes started by Taras_Kushmyruk in /Users/Taras_Kushmyruk/IdeaProjects/PositionNotification)
2023-09-06 12:42:20,319 INFO o.s.b.SpringApplication [main] No active profile set, falling back to 1 default profile: "default"
2023-09-06 12:42:23,759 INFO o.s.d.r.c.RepositoryConfigurationDelegate [main] Bootstrapping Spring Data JPA repositories in DEFAULT mode.
2023-09-06 12:42:23,914 INFO o.s.d.r.c.RepositoryConfigurationDelegate [main] Finished Spring Data repository scanning in 141 ms. Found 1 JPA repository interfaces.
2023-09-06 12:42:24,471 INFO o.s.c.c.s.GenericScope [main] BeanFactory id=ce34ee2f-686e-3b70-bca1-03b48b8006c2
2023-09-06 12:42:25,116 INFO o.s.c.s.PostProcessorRegistrationDelegate$BeanPostProcessorChecker [main] Bean 'org.example.client.PositionClient' of type [org.springframework.cloud.openfeign.FeignClientFactoryBean] is not eligible for getting processed by all BeanPostProcessors (for example: not eligible for auto-proxying)
2023-09-06 12:42:25,126 INFO o.s.c.s.PostProcessorRegistrationDelegate$BeanPostProcessorChecker [main] Bean 'org.example.client.PostFeignClient' of type [org.springframework.cloud.openfeign.FeignClientFactoryBean] is not eligible for getting processed by all BeanPostProcessors (for example: not eligible for auto-proxying)
2023-09-06 12:42:25,927 INFO o.s.b.w.e.t.TomcatWebServer [main] Tomcat initialized with port(s): 2244 (http)
2023-09-06 12:42:25,940 INFO o.a.j.l.DirectJDKLog [main] Initializing ProtocolHandler ["http-nio-2244"]
2023-09-06 12:42:25,944 INFO o.a.j.l.DirectJDKLog [main] Starting service [Tomcat]
2023-09-06 12:42:25,944 INFO o.a.j.l.DirectJDKLog [main] Starting Servlet engine: [Apache Tomcat/10.1.10]
2023-09-06 12:42:26,118 INFO o.a.j.l.DirectJDKLog [main] Initializing Spring embedded WebApplicationContext
2023-09-06 12:42:26,122 INFO o.s.b.w.s.c.ServletWebServerApplicationContext [main] Root WebApplicationContext: initialization completed in 4966 ms
2023-09-06 12:42:26,618 INFO c.z.h.HikariDataSource [main] HikariPool-1 - Starting...
2023-09-06 12:42:26,800 INFO c.z.h.p.HikariPool [main] HikariPool-1 - Added connection conn0: url=jdbc:h2:mem:mydb user=SA
2023-09-06 12:42:26,809 INFO c.z.h.HikariDataSource [main] HikariPool-1 - Start completed.
2023-09-06 12:42:26,897 INFO o.h.j.i.u.LogHelper [main] HHH000204: Processing PersistenceUnitInfo [name: default]
2023-09-06 12:42:26,936 INFO o.h.Version [main] HHH000412: Hibernate ORM core version 6.2.5.Final
2023-09-06 12:42:26,940 INFO o.h.c.Environment [main] HHH000406: Using bytecode reflection optimizer
2023-09-06 12:42:27,052 INFO o.h.b.i.BytecodeProviderInitiator [main] HHH000021: Bytecode provider name : bytebuddy
2023-09-06 12:42:27,165 INFO o.s.o.j.p.SpringPersistenceUnitInfo [main] No LoadTimeWeaver setup: ignoring JPA class transformer
2023-09-06 12:42:27,367 INFO o.h.b.i.BytecodeProviderInitiator [main] HHH000021: Bytecode provider name : bytebuddy
2023-09-06 12:42:28,437 INFO o.h.e.t.j.p.i.JtaPlatformInitiator [main] HHH000490: Using JtaPlatform implementation: [org.hibernate.engine.transaction.jta.platform.internal.NoJtaPlatform]
2023-09-06 12:42:28,510 INFO o.s.o.j.AbstractEntityManagerFactoryBean [main] Initialized JPA EntityManagerFactory for persistence unit 'default'
2023-09-06 12:42:29,235 INFO o.s.d.j.r.q.QueryEnhancerFactory [main] Hibernate is in classpath; If applicable, HQL parser will be used.
2023-09-06 12:42:30,163 WARN o.s.b.a.o.j.JpaBaseConfiguration$JpaWebConfiguration [main] spring.jpa.open-in-view is enabled by default. Therefore, database queries may be performed during view rendering. Explicitly configure spring.jpa.open-in-view to disable this warning
2023-09-06 12:42:31,585 INFO o.s.b.a.e.w.EndpointLinksResolver [main] Exposing 1 endpoint(s) beneath base path '/actuator'
2023-09-06 12:42:31,702 INFO o.a.j.l.DirectJDKLog [main] Starting ProtocolHandler ["http-nio-2244"]
2023-09-06 12:42:31,727 INFO o.s.b.w.e.t.TomcatWebServer [main] Tomcat started on port(s): 2244 (http) with context path ''
2023-09-06 12:42:31,758 INFO o.e.s.PositionService [scheduling-1] Job is disabled
2023-09-06 12:42:31,759 INFO o.s.b.StartupInfoLogger [main] Started Application in 13.91 seconds (process running for 15.469)
2023-09-06 12:42:33,135 INFO o.a.j.l.DirectJDKLog [http-nio-2244-exec-1] Initializing Spring DispatcherServlet 'dispatcherServlet'
2023-09-06 12:42:33,137 INFO o.s.w.s.FrameworkServlet [http-nio-2244-exec-1] Initializing Servlet 'dispatcherServlet'
2023-09-06 12:42:33,138 INFO o.s.w.s.FrameworkServlet [http-nio-2244-exec-1] Completed initialization in 1 ms
2023-09-06 12:42:33,232 INFO o.e.c.GreetingController [http-nio-2244-exec-2] greeting
2023-09-06 12:42:35,016 INFO o.e.s.EmailServiceImpl [http-nio-2244-exec-5] Get all email addresses {}
2023-09-06 12:42:37,256 INFO o.e.s.EmailServiceImpl [http-nio-2244-exec-6] Email address MailAddress(mailAddress=taras.kushmyruk@gmail.com) was saved
2023-09-06 12:42:37,274 INFO o.e.s.EmailServiceImpl [http-nio-2244-exec-7] Get all email addresses taras.kushmyruk@gmail.com
2023-09-06 12:42:38,679 INFO o.e.c.GreetingController [http-nio-2244-exec-8] greeting
2023-09-06 12:42:39,515 INFO o.e.s.PositionService [http-nio-2244-exec-1] Job new status true
2023-09-06 12:42:39,535 INFO o.e.c.GreetingController [http-nio-2244-exec-2] greeting
2023-09-06 12:43:01,763 INFO o.e.s.PositionService [scheduling-1] Job started
2023-09-06 12:43:05,419 ERROR o.e.s.PositionService [scheduling-1] Job was failed due to [400 Bad Request] during [POST] to [https://radar.epam.com/api/positions/grid/] [PositionClient#getPositions(String,String)]: [{"code":400,"message":"Invalid query format","details":[{"keyword":"enum","dataPath":".type","schemaPath":"#/anyOf/0/properties/type/enum","params":{"allowedValues":[1]},"message":"should be equal to ... (7664 bytes)]
2023-09-06 12:43:12,108 INFO o.s.o.j.AbstractEntityManagerFactoryBean [SpringApplicationShutdownHook] Closing JPA EntityManagerFactory for persistence unit 'default'
2023-09-06 12:43:12,276 INFO c.z.h.HikariDataSource [SpringApplicationShutdownHook] HikariPool-1 - Shutdown initiated...
2023-09-06 12:43:12,285 INFO c.z.h.HikariDataSource [SpringApplicationShutdownHook] HikariPool-1 - Shutdown completed.
2023-09-06 12:45:54,954 INFO o.h.v.i.u.Version [background-preinit] HV000001: Hibernate Validator 8.0.0.Final
2023-09-06 12:45:55,135 INFO o.s.b.StartupInfoLogger [main] Starting Application using Java 20.0.2 with PID 40590 (/Users/Taras_Kushmyruk/IdeaProjects/PositionNotification/target/classes started by Taras_Kushmyruk in /Users/Taras_Kushmyruk/IdeaProjects/PositionNotification)
2023-09-06 12:45:55,145 INFO o.s.b.SpringApplication [main] No active profile set, falling back to 1 default profile: "default"
2023-09-06 12:45:58,768 INFO o.s.d.r.c.RepositoryConfigurationDelegate [main] Bootstrapping Spring Data JPA repositories in DEFAULT mode.
2023-09-06 12:45:58,941 INFO o.s.d.r.c.RepositoryConfigurationDelegate [main] Finished Spring Data repository scanning in 163 ms. Found 1 JPA repository interfaces.
2023-09-06 12:45:59,410 INFO o.s.c.c.s.GenericScope [main] BeanFactory id=ce34ee2f-686e-3b70-bca1-03b48b8006c2
2023-09-06 12:46:00,084 INFO o.s.c.s.PostProcessorRegistrationDelegate$BeanPostProcessorChecker [main] Bean 'org.example.client.PositionClient' of type [org.springframework.cloud.openfeign.FeignClientFactoryBean] is not eligible for getting processed by all BeanPostProcessors (for example: not eligible for auto-proxying)
2023-09-06 12:46:00,093 INFO o.s.c.s.PostProcessorRegistrationDelegate$BeanPostProcessorChecker [main] Bean 'org.example.client.PostFeignClient' of type [org.springframework.cloud.openfeign.FeignClientFactoryBean] is not eligible for getting processed by all BeanPostProcessors (for example: not eligible for auto-proxying)
2023-09-06 12:46:00,907 INFO o.s.b.w.e.t.TomcatWebServer [main] Tomcat initialized with port(s): 2244 (http)
2023-09-06 12:46:00,920 INFO o.a.j.l.DirectJDKLog [main] Initializing ProtocolHandler ["http-nio-2244"]
2023-09-06 12:46:00,924 INFO o.a.j.l.DirectJDKLog [main] Starting service [Tomcat]
2023-09-06 12:46:00,924 INFO o.a.j.l.DirectJDKLog [main] Starting Servlet engine: [Apache Tomcat/10.1.10]
2023-09-06 12:46:01,115 INFO o.a.j.l.DirectJDKLog [main] Initializing Spring embedded WebApplicationContext
2023-09-06 12:46:01,119 INFO o.s.b.w.s.c.ServletWebServerApplicationContext [main] Root WebApplicationContext: initialization completed in 4920 ms
2023-09-06 12:46:01,639 INFO c.z.h.HikariDataSource [main] HikariPool-1 - Starting...
2023-09-06 12:46:01,820 INFO c.z.h.p.HikariPool [main] HikariPool-1 - Added connection conn0: url=jdbc:h2:mem:mydb user=SA
2023-09-06 12:46:01,825 INFO c.z.h.HikariDataSource [main] HikariPool-1 - Start completed.
2023-09-06 12:46:01,919 INFO o.h.j.i.u.LogHelper [main] HHH000204: Processing PersistenceUnitInfo [name: default]
2023-09-06 12:46:01,959 INFO o.h.Version [main] HHH000412: Hibernate ORM core version 6.2.5.Final
2023-09-06 12:46:01,963 INFO o.h.c.Environment [main] HHH000406: Using bytecode reflection optimizer
2023-09-06 12:46:02,077 INFO o.h.b.i.BytecodeProviderInitiator [main] HHH000021: Bytecode provider name : bytebuddy
2023-09-06 12:46:02,198 INFO o.s.o.j.p.SpringPersistenceUnitInfo [main] No LoadTimeWeaver setup: ignoring JPA class transformer
2023-09-06 12:46:02,444 INFO o.h.b.i.BytecodeProviderInitiator [main] HHH000021: Bytecode provider name : bytebuddy
2023-09-06 12:46:03,449 INFO o.h.e.t.j.p.i.JtaPlatformInitiator [main] HHH000490: Using JtaPlatform implementation: [org.hibernate.engine.transaction.jta.platform.internal.NoJtaPlatform]
2023-09-06 12:46:03,532 INFO o.s.o.j.AbstractEntityManagerFactoryBean [main] Initialized JPA EntityManagerFactory for persistence unit 'default'
2023-09-06 12:46:04,313 INFO o.s.d.j.r.q.QueryEnhancerFactory [main] Hibernate is in classpath; If applicable, HQL parser will be used.
2023-09-06 12:46:05,276 WARN o.s.b.a.o.j.JpaBaseConfiguration$JpaWebConfiguration [main] spring.jpa.open-in-view is enabled by default. Therefore, database queries may be performed during view rendering. Explicitly configure spring.jpa.open-in-view to disable this warning
2023-09-06 12:46:07,947 INFO o.s.b.a.e.w.EndpointLinksResolver [main] Exposing 1 endpoint(s) beneath base path '/actuator'
2023-09-06 12:46:08,154 INFO o.a.j.l.DirectJDKLog [main] Starting ProtocolHandler ["http-nio-2244"]
2023-09-06 12:46:08,178 INFO o.s.b.w.e.t.TomcatWebServer [main] Tomcat started on port(s): 2244 (http) with context path ''
2023-09-06 12:46:08,247 INFO o.e.s.PositionService [scheduling-1] Job is disabled
2023-09-06 12:46:08,248 INFO o.s.b.StartupInfoLogger [main] Started Application in 14.572 seconds (process running for 15.889)
2023-09-06 12:46:13,371 INFO o.a.j.l.DirectJDKLog [http-nio-2244-exec-1] Initializing Spring DispatcherServlet 'dispatcherServlet'
2023-09-06 12:46:13,373 INFO o.s.w.s.FrameworkServlet [http-nio-2244-exec-1] Initializing Servlet 'dispatcherServlet'
2023-09-06 12:46:13,380 INFO o.s.w.s.FrameworkServlet [http-nio-2244-exec-1] Completed initialization in 6 ms
2023-09-06 12:46:13,529 INFO o.e.c.GreetingController [http-nio-2244-exec-2] greeting
2023-09-06 12:46:14,528 INFO o.e.s.EmailServiceImpl [http-nio-2244-exec-5] Get all email addresses {}
2023-09-06 12:46:18,181 INFO o.e.s.EmailServiceImpl [http-nio-2244-exec-7] Email address MailAddress(mailAddress=taras.kushmyruk@gmail.com) was saved
2023-09-06 12:46:18,197 INFO o.e.s.EmailServiceImpl [http-nio-2244-exec-6] Get all email addresses taras.kushmyruk@gmail.com
2023-09-06 12:46:19,628 INFO o.e.c.GreetingController [http-nio-2244-exec-10] greeting
2023-09-06 12:46:21,341 INFO o.e.s.PositionService [http-nio-2244-exec-1] Job new status true
2023-09-06 12:46:21,367 INFO o.e.c.GreetingController [http-nio-2244-exec-2] greeting
2023-09-06 12:46:38,244 INFO o.e.s.PositionService [scheduling-1] Job started
2023-09-06 12:46:47,452 INFO o.e.s.PositionService [scheduling-1] 12 positions was received
2023-09-06 12:46:47,456 INFO o.e.s.PositionService [scheduling-1] 0 position left after filtration
2023-09-06 12:46:47,520 INFO o.e.s.EmailServiceImpl [scheduling-1] Get all email addresses taras.kushmyruk@gmail.com
2023-09-06 12:46:47,521 INFO o.e.s.PositionService [scheduling-1] taras.kushmyruk@gmail.com email addresses
2023-09-06 12:46:47,521 INFO o.e.s.EmailServiceImpl [scheduling-1] No positions to send
2023-09-06 12:46:47,521 INFO o.e.s.PositionService [scheduling-1] Email was successfully sent
2023-09-06 12:46:54,724 INFO o.s.o.j.AbstractEntityManagerFactoryBean [SpringApplicationShutdownHook] Closing JPA EntityManagerFactory for persistence unit 'default'
2023-09-06 12:46:54,878 INFO c.z.h.HikariDataSource [SpringApplicationShutdownHook] HikariPool-1 - Shutdown initiated...
2023-09-06 12:46:54,888 INFO c.z.h.HikariDataSource [SpringApplicationShutdownHook] HikariPool-1 - Shutdown completed.
