2023-08-30 20:32:32,336 INFO o.s.b.StartupInfoLogger [main] Starting Application using Java 20.0.1 with PID 27708 (C:\Users\Taras_Kushmyruk\IdeaProjects\VacationNotificationSystem\target\classes started by Taras_Kushmyruk in C:\Users\Taras_Kushmyruk\IdeaProjects\VacationNotificationSystem)
2023-08-30 20:32:32,342 INFO o.s.b.SpringApplication [main] No active profile set, falling back to 1 default profile: "default"
2023-08-30 20:32:35,195 INFO o.s.d.r.c.RepositoryConfigurationDelegate [main] Bootstrapping Spring Data JPA repositories in DEFAULT mode.
2023-08-30 20:32:35,301 INFO o.s.d.r.c.RepositoryConfigurationDelegate [main] Finished Spring Data repository scanning in 91 ms. Found 1 JPA repository interfaces.
2023-08-30 20:32:35,685 INFO o.s.c.c.s.GenericScope [main] BeanFactory id=2aaf49ca-1bf1-3bad-b49a-13131864b596
2023-08-30 20:32:35,865 INFO o.s.c.s.PostProcessorRegistrationDelegate$BeanPostProcessorChecker [main] Bean 'org.example.client.PositionClient' of type [org.springframework.cloud.openfeign.FeignClientFactoryBean] is not eligible for getting processed by all BeanPostProcessors (for example: not eligible for auto-proxying)
2023-08-30 20:32:35,869 INFO o.s.c.s.PostProcessorRegistrationDelegate$BeanPostProcessorChecker [main] Bean 'org.example.client.PostFeignClient' of type [org.springframework.cloud.openfeign.FeignClientFactoryBean] is not eligible for getting processed by all BeanPostProcessors (for example: not eligible for auto-proxying)
2023-08-30 20:32:36,704 INFO o.s.b.w.e.t.TomcatWebServer [main] Tomcat initialized with port(s): 2244 (http)
2023-08-30 20:32:36,722 INFO o.a.j.l.DirectJDKLog [main] Initializing ProtocolHandler ["http-nio-2244"]
2023-08-30 20:32:36,728 INFO o.a.j.l.DirectJDKLog [main] Starting service [Tomcat]
2023-08-30 20:32:36,728 INFO o.a.j.l.DirectJDKLog [main] Starting Servlet engine: [Apache Tomcat/10.1.10]
2023-08-30 20:32:36,937 INFO o.a.j.l.DirectJDKLog [main] Initializing Spring embedded WebApplicationContext
2023-08-30 20:32:36,941 INFO o.s.b.w.s.c.ServletWebServerApplicationContext [main] Root WebApplicationContext: initialization completed in 3968 ms
2023-08-30 20:32:37,416 INFO c.z.h.HikariDataSource [main] HikariPool-1 - Starting...
2023-08-30 20:32:37,853 INFO c.z.h.p.HikariPool [main] HikariPool-1 - Added connection conn0: url=jdbc:h2:mem:mydb user=SA
2023-08-30 20:32:37,857 INFO c.z.h.HikariDataSource [main] HikariPool-1 - Start completed.
2023-08-30 20:32:37,968 INFO o.h.j.i.u.LogHelper [main] HHH000204: Processing PersistenceUnitInfo [name: default]
2023-08-30 20:32:38,137 INFO o.h.Version [main] HHH000412: Hibernate ORM core version 6.2.5.Final
2023-08-30 20:32:38,142 INFO o.h.c.Environment [main] HHH000406: Using bytecode reflection optimizer
2023-08-30 20:32:38,461 INFO o.h.b.i.BytecodeProviderInitiator [main] HHH000021: Bytecode provider name : bytebuddy
2023-08-30 20:32:38,795 INFO o.s.o.j.p.SpringPersistenceUnitInfo [main] No LoadTimeWeaver setup: ignoring JPA class transformer
2023-08-30 20:32:39,144 INFO o.h.b.i.BytecodeProviderInitiator [main] HHH000021: Bytecode provider name : bytebuddy
2023-08-30 20:32:39,958 INFO o.h.e.t.j.p.i.JtaPlatformInitiator [main] HHH000490: Using JtaPlatform implementation: [org.hibernate.engine.transaction.jta.platform.internal.NoJtaPlatform]
2023-08-30 20:32:40,004 INFO o.s.o.j.AbstractEntityManagerFactoryBean [main] Initialized JPA EntityManagerFactory for persistence unit 'default'
2023-08-30 20:32:40,557 INFO o.s.d.j.r.q.QueryEnhancerFactory [main] Hibernate is in classpath; If applicable, HQL parser will be used.
2023-08-30 20:32:41,643 WARN o.s.b.a.o.j.JpaBaseConfiguration$JpaWebConfiguration [main] spring.jpa.open-in-view is enabled by default. Therefore, database queries may be performed during view rendering. Explicitly configure spring.jpa.open-in-view to disable this warning
2023-08-30 20:32:43,458 INFO o.s.b.a.e.w.EndpointLinksResolver [main] Exposing 1 endpoint(s) beneath base path '/actuator'
2023-08-30 20:32:43,574 INFO o.a.j.l.DirectJDKLog [main] Starting ProtocolHandler ["http-nio-2244"]
2023-08-30 20:32:43,619 INFO o.s.b.w.e.t.TomcatWebServer [main] Tomcat started on port(s): 2244 (http) with context path ''
2023-08-30 20:32:43,918 INFO o.s.b.StartupInfoLogger [main] Started Application in 12.916 seconds (process running for 13.766)
2023-08-30 21:01:58,841 INFO o.s.o.j.AbstractEntityManagerFactoryBean [SpringApplicationShutdownHook] Closing JPA EntityManagerFactory for persistence unit 'default'
2023-08-30 21:01:59,024 INFO c.z.h.HikariDataSource [SpringApplicationShutdownHook] HikariPool-1 - Shutdown initiated...
2023-08-30 21:01:59,033 INFO c.z.h.HikariDataSource [SpringApplicationShutdownHook] HikariPool-1 - Shutdown completed.
2023-08-30 21:02:09,689 INFO o.s.b.StartupInfoLogger [main] Starting Application using Java 20.0.1 with PID 27480 (C:\Users\Taras_Kushmyruk\IdeaProjects\VacationNotificationSystem\target\classes started by Taras_Kushmyruk in C:\Users\Taras_Kushmyruk\IdeaProjects\VacationNotificationSystem)
2023-08-30 21:02:09,694 INFO o.s.b.SpringApplication [main] No active profile set, falling back to 1 default profile: "default"
2023-08-30 21:02:11,911 INFO o.s.d.r.c.RepositoryConfigurationDelegate [main] Bootstrapping Spring Data JPA repositories in DEFAULT mode.
2023-08-30 21:02:12,000 INFO o.s.d.r.c.RepositoryConfigurationDelegate [main] Finished Spring Data repository scanning in 78 ms. Found 1 JPA repository interfaces.
2023-08-30 21:02:12,310 INFO o.s.c.c.s.GenericScope [main] BeanFactory id=2aaf49ca-1bf1-3bad-b49a-13131864b596
2023-08-30 21:02:12,491 INFO o.s.c.s.PostProcessorRegistrationDelegate$BeanPostProcessorChecker [main] Bean 'org.example.client.PositionClient' of type [org.springframework.cloud.openfeign.FeignClientFactoryBean] is not eligible for getting processed by all BeanPostProcessors (for example: not eligible for auto-proxying)
2023-08-30 21:02:12,494 INFO o.s.c.s.PostProcessorRegistrationDelegate$BeanPostProcessorChecker [main] Bean 'org.example.client.PostFeignClient' of type [org.springframework.cloud.openfeign.FeignClientFactoryBean] is not eligible for getting processed by all BeanPostProcessors (for example: not eligible for auto-proxying)
2023-08-30 21:02:13,307 INFO o.s.b.w.e.t.TomcatWebServer [main] Tomcat initialized with port(s): 2244 (http)
2023-08-30 21:02:13,320 INFO o.a.j.l.DirectJDKLog [main] Initializing ProtocolHandler ["http-nio-2244"]
2023-08-30 21:02:13,325 INFO o.a.j.l.DirectJDKLog [main] Starting service [Tomcat]
2023-08-30 21:02:13,325 INFO o.a.j.l.DirectJDKLog [main] Starting Servlet engine: [Apache Tomcat/10.1.10]
2023-08-30 21:02:13,506 INFO o.a.j.l.DirectJDKLog [main] Initializing Spring embedded WebApplicationContext
2023-08-30 21:02:13,510 INFO o.s.b.w.s.c.ServletWebServerApplicationContext [main] Root WebApplicationContext: initialization completed in 3287 ms
2023-08-30 21:02:13,916 INFO c.z.h.HikariDataSource [main] HikariPool-1 - Starting...
2023-08-30 21:02:14,196 INFO c.z.h.p.HikariPool [main] HikariPool-1 - Added connection conn0: url=jdbc:h2:mem:mydb user=SA
2023-08-30 21:02:14,199 INFO c.z.h.HikariDataSource [main] HikariPool-1 - Start completed.
2023-08-30 21:02:14,302 INFO o.h.j.i.u.LogHelper [main] HHH000204: Processing PersistenceUnitInfo [name: default]
2023-08-30 21:02:14,398 INFO o.h.Version [main] HHH000412: Hibernate ORM core version 6.2.5.Final
2023-08-30 21:02:14,404 INFO o.h.c.Environment [main] HHH000406: Using bytecode reflection optimizer
2023-08-30 21:02:14,718 INFO o.h.b.i.BytecodeProviderInitiator [main] HHH000021: Bytecode provider name : bytebuddy
2023-08-30 21:02:14,952 INFO o.s.o.j.p.SpringPersistenceUnitInfo [main] No LoadTimeWeaver setup: ignoring JPA class transformer
2023-08-30 21:02:15,239 INFO o.h.b.i.BytecodeProviderInitiator [main] HHH000021: Bytecode provider name : bytebuddy
2023-08-30 21:02:15,900 INFO o.h.e.t.j.p.i.JtaPlatformInitiator [main] HHH000490: Using JtaPlatform implementation: [org.hibernate.engine.transaction.jta.platform.internal.NoJtaPlatform]
2023-08-30 21:02:15,936 INFO o.s.o.j.AbstractEntityManagerFactoryBean [main] Initialized JPA EntityManagerFactory for persistence unit 'default'
2023-08-30 21:02:16,444 INFO o.s.d.j.r.q.QueryEnhancerFactory [main] Hibernate is in classpath; If applicable, HQL parser will be used.
2023-08-30 21:02:17,444 WARN o.s.b.a.o.j.JpaBaseConfiguration$JpaWebConfiguration [main] spring.jpa.open-in-view is enabled by default. Therefore, database queries may be performed during view rendering. Explicitly configure spring.jpa.open-in-view to disable this warning
2023-08-30 21:02:19,024 INFO o.s.b.a.e.w.EndpointLinksResolver [main] Exposing 1 endpoint(s) beneath base path '/actuator'
2023-08-30 21:02:19,141 INFO o.a.j.l.DirectJDKLog [main] Starting ProtocolHandler ["http-nio-2244"]
2023-08-30 21:02:19,178 INFO o.s.b.w.e.t.TomcatWebServer [main] Tomcat started on port(s): 2244 (http) with context path ''
2023-08-30 21:02:19,385 INFO o.s.b.StartupInfoLogger [main] Started Application in 10.911 seconds (process running for 11.577)
2023-08-30 21:02:33,232 INFO o.a.j.l.DirectJDKLog [http-nio-2244-exec-1] Initializing Spring DispatcherServlet 'dispatcherServlet'
2023-08-30 21:02:33,234 INFO o.s.w.s.FrameworkServlet [http-nio-2244-exec-1] Initializing Servlet 'dispatcherServlet'
2023-08-30 21:02:33,237 INFO o.s.w.s.FrameworkServlet [http-nio-2244-exec-1] Completed initialization in 2 ms
2023-08-30 21:02:59,927 WARN o.h.e.j.s.SqlExceptionHelper [http-nio-2244-exec-1] SQL Error: 23505, SQLState: 23505
2023-08-30 21:02:59,929 ERROR o.h.e.j.s.SqlExceptionHelper [http-nio-2244-exec-1] Unique index or primary key violation: "PUBLIC.PRIMARY_KEY_3 ON PUBLIC.MAIL_ADDRESS(MAIL_ADDRESS) VALUES ( /* 1 */ 'qqq' )"; SQL statement:
update mail_address set mail_address=? where mail_address=? [23505-214]
2023-08-30 21:02:59,959 ERROR o.a.j.l.DirectJDKLog [http-nio-2244-exec-1] Servlet.service() for servlet [dispatcherServlet] in context with path [] threw exception [Request processing failed: org.springframework.dao.DataIntegrityViolationException: JDBC exception executing SQL [update mail_address set mail_address=? where mail_address=?] [Unique index or primary key violation: "PUBLIC.PRIMARY_KEY_3 ON PUBLIC.MAIL_ADDRESS(MAIL_ADDRESS) VALUES ( /* 1 */ 'qqq' )"; SQL statement:
update mail_address set mail_address=? where mail_address=? [23505-214]] [n/a]; SQL [n/a]; constraint ["PUBLIC.PRIMARY_KEY_3 ON PUBLIC.MAIL_ADDRESS(MAIL_ADDRESS) VALUES ( /* 1 */ 'qqq' )"; SQL statement:
update mail_address set mail_address=? where mail_address=? [23505-214]]] with root cause
org.h2.jdbc.JdbcSQLIntegrityConstraintViolationException: Unique index or primary key violation: "PUBLIC.PRIMARY_KEY_3 ON PUBLIC.MAIL_ADDRESS(MAIL_ADDRESS) VALUES ( /* 1 */ 'qqq' )"; SQL statement:
update mail_address set mail_address=? where mail_address=? [23505-214]
	at org.h2.message.DbException.getJdbcSQLException(DbException.java:508)
	at org.h2.message.DbException.getJdbcSQLException(DbException.java:477)
	at org.h2.message.DbException.get(DbException.java:223)
	at org.h2.message.DbException.get(DbException.java:199)
	at org.h2.index.Index.getDuplicateKeyException(Index.java:525)
	at org.h2.mvstore.db.MVSecondaryIndex.checkUnique(MVSecondaryIndex.java:223)
	at org.h2.mvstore.db.MVSecondaryIndex.add(MVSecondaryIndex.java:184)
	at org.h2.mvstore.db.MVTable.addRow(MVTable.java:519)
	at org.h2.table.Table.updateRows(Table.java:564)
	at org.h2.command.dml.Update.doUpdate(Update.java:109)
	at org.h2.command.dml.Update.update(Update.java:93)
	at org.h2.command.dml.DataChangeStatement.update(DataChangeStatement.java:74)
	at org.h2.command.CommandContainer.update(CommandContainer.java:169)
	at org.h2.command.Command.executeUpdate(Command.java:252)
	at org.h2.jdbc.JdbcPreparedStatement.executeUpdateInternal(JdbcPreparedStatement.java:209)
	at org.h2.jdbc.JdbcPreparedStatement.executeUpdate(JdbcPreparedStatement.java:169)
	at com.zaxxer.hikari.pool.ProxyPreparedStatement.executeUpdate(ProxyPreparedStatement.java:61)
	at com.zaxxer.hikari.pool.HikariProxyPreparedStatement.executeUpdate(HikariProxyPreparedStatement.java)
	at org.hibernate.sql.exec.internal.StandardJdbcMutationExecutor.execute(StandardJdbcMutationExecutor.java:83)
	at org.hibernate.query.sqm.internal.SimpleUpdateQueryPlan.executeUpdate(SimpleUpdateQueryPlan.java:91)
	at org.hibernate.query.sqm.internal.QuerySqmImpl.doExecuteUpdate(QuerySqmImpl.java:735)
	at org.hibernate.query.sqm.internal.QuerySqmImpl.executeUpdate(QuerySqmImpl.java:705)
	at org.springframework.data.jpa.repository.query.JpaQueryExecution$ModifyingExecution.doExecute(JpaQueryExecution.java:266)
	at org.springframework.data.jpa.repository.query.JpaQueryExecution.execute(JpaQueryExecution.java:92)
	at org.springframework.data.jpa.repository.query.AbstractJpaQuery.doExecute(AbstractJpaQuery.java:148)
	at org.springframework.data.jpa.repository.query.AbstractJpaQuery.execute(AbstractJpaQuery.java:136)
	at org.springframework.data.repository.core.support.RepositoryMethodInvoker.doInvoke(RepositoryMethodInvoker.java:136)
	at org.springframework.data.repository.core.support.RepositoryMethodInvoker.invoke(RepositoryMethodInvoker.java:120)
	at org.springframework.data.repository.core.support.QueryExecutorMethodInterceptor.doInvoke(QueryExecutorMethodInterceptor.java:164)
	at org.springframework.data.repository.core.support.QueryExecutorMethodInterceptor.invoke(QueryExecutorMethodInterceptor.java:143)
	at org.springframework.aop.framework.ReflectiveMethodInvocation.proceed(ReflectiveMethodInvocation.java:184)
	at org.springframework.data.projection.DefaultMethodInvokingMethodInterceptor.invoke(DefaultMethodInvokingMethodInterceptor.java:72)
	at org.springframework.aop.framework.ReflectiveMethodInvocation.proceed(ReflectiveMethodInvocation.java:184)
	at org.springframework.transaction.interceptor.TransactionInterceptor$1.proceedWithInvocation(TransactionInterceptor.java:123)
	at org.springframework.transaction.interceptor.TransactionAspectSupport.invokeWithinTransaction(TransactionAspectSupport.java:391)
	at org.springframework.transaction.interceptor.TransactionInterceptor.invoke(TransactionInterceptor.java:119)
	at org.springframework.aop.framework.ReflectiveMethodInvocation.proceed(ReflectiveMethodInvocation.java:184)
	at org.springframework.dao.support.PersistenceExceptionTranslationInterceptor.invoke(PersistenceExceptionTranslationInterceptor.java:137)
	at org.springframework.aop.framework.ReflectiveMethodInvocation.proceed(ReflectiveMethodInvocation.java:184)
	at org.springframework.data.jpa.repository.support.CrudMethodMetadataPostProcessor$CrudMethodMetadataPopulatingMethodInterceptor.invoke(CrudMethodMetadataPostProcessor.java:135)
	at org.springframework.aop.framework.ReflectiveMethodInvocation.proceed(ReflectiveMethodInvocation.java:184)
	at org.springframework.aop.interceptor.ExposeInvocationInterceptor.invoke(ExposeInvocationInterceptor.java:97)
	at org.springframework.aop.framework.ReflectiveMethodInvocation.proceed(ReflectiveMethodInvocation.java:184)
	at org.springframework.aop.framework.JdkDynamicAopProxy.invoke(JdkDynamicAopProxy.java:244)
	at jdk.proxy2/jdk.proxy2.$Proxy143.updateMailAddress(Unknown Source)
	at org.example.service.EmailServiceImpl.updateEmailAddress(EmailServiceImpl.java:105)
	at org.example.controller.EmailController.saveEmail(EmailController.java:37)
	at java.base/jdk.internal.reflect.DirectMethodHandleAccessor.invoke(DirectMethodHandleAccessor.java:104)
	at java.base/java.lang.reflect.Method.invoke(Method.java:578)
	at org.springframework.web.method.support.InvocableHandlerMethod.doInvoke(InvocableHandlerMethod.java:207)
	at org.springframework.web.method.support.InvocableHandlerMethod.invokeForRequest(InvocableHandlerMethod.java:152)
	at org.springframework.web.servlet.mvc.method.annotation.ServletInvocableHandlerMethod.invokeAndHandle(ServletInvocableHandlerMethod.java:118)
	at org.springframework.web.servlet.mvc.method.annotation.RequestMappingHandlerAdapter.invokeHandlerMethod(RequestMappingHandlerAdapter.java:884)
	at org.springframework.web.servlet.mvc.method.annotation.RequestMappingHandlerAdapter.handleInternal(RequestMappingHandlerAdapter.java:797)
	at org.springframework.web.servlet.mvc.method.AbstractHandlerMethodAdapter.handle(AbstractHandlerMethodAdapter.java:87)
	at org.springframework.web.servlet.DispatcherServlet.doDispatch(DispatcherServlet.java:1081)
	at org.springframework.web.servlet.DispatcherServlet.doService(DispatcherServlet.java:974)
	at org.springframework.web.servlet.FrameworkServlet.processRequest(FrameworkServlet.java:1011)
	at org.springframework.web.servlet.FrameworkServlet.doPost(FrameworkServlet.java:914)
	at jakarta.servlet.http.HttpServlet.service(HttpServlet.java:590)
	at org.springframework.web.servlet.FrameworkServlet.service(FrameworkServlet.java:885)
	at jakarta.servlet.http.HttpServlet.service(HttpServlet.java:658)
	at org.apache.catalina.core.ApplicationFilterChain.internalDoFilter(ApplicationFilterChain.java:205)
	at org.apache.catalina.core.ApplicationFilterChain.doFilter(ApplicationFilterChain.java:149)
	at org.apache.tomcat.websocket.server.WsFilter.doFilter(WsFilter.java:51)
	at org.apache.catalina.core.ApplicationFilterChain.internalDoFilter(ApplicationFilterChain.java:174)
	at org.apache.catalina.core.ApplicationFilterChain.doFilter(ApplicationFilterChain.java:149)
	at org.springframework.web.filter.RequestContextFilter.doFilterInternal(RequestContextFilter.java:100)
	at org.springframework.web.filter.OncePerRequestFilter.doFilter(OncePerRequestFilter.java:116)
	at org.apache.catalina.core.ApplicationFilterChain.internalDoFilter(ApplicationFilterChain.java:174)
	at org.apache.catalina.core.ApplicationFilterChain.doFilter(ApplicationFilterChain.java:149)
	at org.springframework.web.filter.FormContentFilter.doFilterInternal(FormContentFilter.java:93)
	at org.springframework.web.filter.OncePerRequestFilter.doFilter(OncePerRequestFilter.java:116)
	at org.apache.catalina.core.ApplicationFilterChain.internalDoFilter(ApplicationFilterChain.java:174)
	at org.apache.catalina.core.ApplicationFilterChain.doFilter(ApplicationFilterChain.java:149)
	at org.springframework.web.filter.ServerHttpObservationFilter.doFilterInternal(ServerHttpObservationFilter.java:109)
	at org.springframework.web.filter.OncePerRequestFilter.doFilter(OncePerRequestFilter.java:116)
	at org.apache.catalina.core.ApplicationFilterChain.internalDoFilter(ApplicationFilterChain.java:174)
	at org.apache.catalina.core.ApplicationFilterChain.doFilter(ApplicationFilterChain.java:149)
	at org.springframework.web.filter.CharacterEncodingFilter.doFilterInternal(CharacterEncodingFilter.java:201)
	at org.springframework.web.filter.OncePerRequestFilter.doFilter(OncePerRequestFilter.java:116)
	at org.apache.catalina.core.ApplicationFilterChain.internalDoFilter(ApplicationFilterChain.java:174)
	at org.apache.catalina.core.ApplicationFilterChain.doFilter(ApplicationFilterChain.java:149)
	at org.apache.catalina.core.StandardWrapperValve.invoke(StandardWrapperValve.java:166)
	at org.apache.catalina.core.StandardContextValve.invoke(StandardContextValve.java:90)
	at org.apache.catalina.authenticator.AuthenticatorBase.invoke(AuthenticatorBase.java:482)
	at org.apache.catalina.core.StandardHostValve.invoke(StandardHostValve.java:115)
	at org.apache.catalina.valves.ErrorReportValve.invoke(ErrorReportValve.java:93)
	at org.apache.catalina.core.StandardEngineValve.invoke(StandardEngineValve.java:74)
	at org.apache.catalina.connector.CoyoteAdapter.service(CoyoteAdapter.java:341)
	at org.apache.coyote.http11.Http11Processor.service(Http11Processor.java:391)
	at org.apache.coyote.AbstractProcessorLight.process(AbstractProcessorLight.java:63)
	at org.apache.coyote.AbstractProtocol$ConnectionHandler.process(AbstractProtocol.java:894)
	at org.apache.tomcat.util.net.NioEndpoint$SocketProcessor.doRun(NioEndpoint.java:1741)
	at org.apache.tomcat.util.net.SocketProcessorBase.run(SocketProcessorBase.java:52)
	at org.apache.tomcat.util.threads.ThreadPoolExecutor.runWorker(ThreadPoolExecutor.java:1191)
	at org.apache.tomcat.util.threads.ThreadPoolExecutor$Worker.run(ThreadPoolExecutor.java:659)
	at org.apache.tomcat.util.threads.TaskThread$WrappingRunnable.run(TaskThread.java:61)
	at java.base/java.lang.Thread.run(Thread.java:1623)
2023-08-30 23:55:05,612 WARN c.z.h.p.HikariPool$HouseKeeper [HikariPool-1 housekeeper] HikariPool-1 - Thread starvation or clock leap detected (housekeeper delta=2h38m21s75ms37µs900ns).
